Iter.[  1]|   (imp  1)   "N":   0.093443,   "Sz":  52.032500 |
Iter.[  2]|   (imp  1)   "N":   0.089163,   "Sz":  50.800800 |
Iter.[  3]|   (imp  1)   "N":   0.089367,   "Sz":  39.828200 |
Iter.[  4]|   (imp  1)   "N":   0.089548,   "Sz":  40.051500 |
Iter.[  5]|   (imp  1)   "N":   0.089774,   "Sz":  39.932400 |
Iter.[  6]|   (imp  1)   "N":   0.089677,   "Sz":  40.055600 |
Iter.[  7]|   (imp  1)   "N":   0.089531,   "Sz":  40.001900 |
Iter.[  8]|   (imp  1)   "N":   0.089824,   "Sz":  39.931600 |
Iter.[  9]|   (imp  1)   "N":   0.090042,   "Sz":  39.953900 |
Iter.[ 10]|   (imp  1)   "N":   0.089972,   "Sz":  39.932600 |
Iter.[ 11]|   (imp  1)   "N":   0.090038,   "Sz":  39.921300 |
Iter.[ 12]|   (imp  1)   "N":   0.089778,   "Sz":  40.141600 |
Iter.[ 13]|   (imp  1)   "N":   0.089917,   "Sz":  39.967600 |
Iter.[ 14]|   (imp  1)   "N":   0.089952,   "Sz":  39.902800 |
Iter.[ 15]|   (imp  1)   "N":   0.089761,   "Sz":  40.068100 |
Iter.[ 16]|   (imp  1)   "N":   0.089773,   "Sz":  40.035600 |
Iter.[ 17]|   (imp  1)   "N":   0.090205,   "Sz":  39.986400 |
Iter.[ 18]|   (imp  1)   "N":   0.089818,   "Sz":  39.948300 |
Iter.[ 19]|   (imp  1)   "N":   0.090132,   "Sz":  39.976100 |
Iter.[ 20]|   (imp  1)   "N":   0.089915,   "Sz":  39.922000 |
Iter.[ 21]|   (imp  1)   "N":   0.089746,   "Sz":  39.975100 |
Iter.[ 22]|   (imp  1)   "N":   0.089982,   "Sz":  39.837800 |
Iter.[ 23]|   (imp  1)   "N":   0.089577,   "Sz":  39.911000 |
Iter.[ 24]|   (imp  1)   "N":   0.089765,   "Sz":  40.093100 |
Iter.[ 25]|   (imp  1)   "N":   0.090039,   "Sz":  40.030400 |
Iter.[ 26]|   (imp  1)   "N":   0.090021,   "Sz":  39.928000 |
Iter.[ 27]|   (imp  1)   "N":   0.089967,   "Sz":  40.006200 |
Iter.[ 28]|   (imp  1)   "N":   0.089843,   "Sz":  39.810100 |
Iter.[ 29]|   (imp  1)   "N":   0.089885,   "Sz":  40.029300 |
Iter.[ 30]|   (imp  1)   "N":   0.089767,   "Sz":  40.032600 |
Iter.[ 31]|   (imp  1)   "N":   0.089656,   "Sz":  40.037300 |
Iter.[ 32]|   (imp  1)   "N":   0.089834,   "Sz":  39.942000 |
Iter.[ 33]|   (imp  1)   "N":   0.089950,   "Sz":  40.013500 |
Iter.[ 34]|   (imp  1)   "N":   0.089781,   "Sz":  39.912900 |
Iter.[ 35]|   (imp  1)   "N":   0.089532,   "Sz":  40.016300 |
Iter.[ 36]|   (imp  1)   "N":   0.089979,   "Sz":  39.802200 |
Iter.[ 37]|   (imp  1)   "N":   0.089596,   "Sz":  40.018200 |
Iter.[ 38]|   (imp  1)   "N":   0.089991,   "Sz":  40.082000 |
Iter.[ 39]|   (imp  1)   "N":   0.089948,   "Sz":  39.895700 |
Iter.[ 40]|   (imp  1)   "N":   0.090015,   "Sz":  39.977400 |
Iter.[ 41]|   (imp  1)   "N":   0.089794,   "Sz":  39.838700 |
Iter.[ 42]|   (imp  1)   "N":   0.089863,   "Sz":  40.021900 |
Iter.[ 43]|   (imp  1)   "N":   0.089754,   "Sz":  39.864700 |
Iter.[ 44]|   (imp  1)   "N":   0.089672,   "Sz":  40.098200 |
Iter.[ 45]|   (imp  1)   "N":   0.090037,   "Sz":  40.072300 |
Iter.[ 46]|   (imp  1)   "N":   0.089775,   "Sz":  39.774100 |
Iter.[ 47]|   (imp  1)   "N":   0.089823,   "Sz":  40.024600 |
Iter.[ 48]|   (imp  1)   "N":   0.089767,   "Sz":  39.865900 |
Iter.[ 49]|   (imp  1)   "N":   0.089603,   "Sz":  40.068200 |
Iter.[ 50]|   (imp  1)   "N":   0.089960,   "Sz":  39.904000 |
