Iteration [  0],    latt_mu :   0.000000,    imp_mu :   0.000000,,    Total_N :  13.805329
===========================================================================================
latt.  1 :   1.965870,   1.965870,   1.193826,   1.965870,   1.193827,  n :   8.285262
-------------------------------------------------------------------------------------------
imp.   1 :   1.983870,   1.983870,   1.047587,   1.983870,   1.047587,  n :   8.046783
-------------------------------------------------------------------------------------------


Iteration [  1],    latt_mu :   0.000000,    imp_mu :   0.000000,,    Total_N :  13.889292
===========================================================================================
latt.  1 :   1.984984,   1.984984,   1.081222,   1.984984,   1.081222,  n :   8.117394
-------------------------------------------------------------------------------------------
imp.   1 :   1.988785,   1.988785,   1.048830,   1.988785,   1.048830,  n :   8.064017
-------------------------------------------------------------------------------------------


Iteration [  2],    latt_mu :   0.000000,    imp_mu :   0.000000,,    Total_N :  13.984168
===========================================================================================
latt.  1 :   1.989312,   1.989312,   1.076044,   1.989312,   1.076044,  n :   8.120026
-------------------------------------------------------------------------------------------
imp.   1 :   1.990286,   1.990286,   1.052403,   1.990286,   1.052403,  n :   8.075664
-------------------------------------------------------------------------------------------


Iteration [  3],    latt_mu :   0.000000,    imp_mu :   0.000000,,    Total_N :  14.002593
===========================================================================================
latt.  1 :   1.990579,   1.990579,   1.068084,   1.990579,   1.068084,  n :   8.107907
-------------------------------------------------------------------------------------------
imp.   1 :   1.990733,   1.990733,   1.053379,   1.990733,   1.053379,  n :   8.078956
-------------------------------------------------------------------------------------------


Iteration [  4],    latt_mu :   0.000000,    imp_mu :   0.000000,,    Total_N :  14.004751
===========================================================================================
latt.  1 :   1.991081,   1.991081,   1.062193,   1.991081,   1.062193,  n :   8.097630
-------------------------------------------------------------------------------------------
imp.   1 :   1.990905,   1.990905,   1.053845,   1.990905,   1.053845,  n :   8.080405
-------------------------------------------------------------------------------------------


Iteration [  5],    latt_mu :   0.000000,    imp_mu :   0.000000,,    Total_N :  14.003103
===========================================================================================
latt.  1 :   1.991214,   1.991214,   1.058304,   1.991214,   1.058304,  n :   8.090252
-------------------------------------------------------------------------------------------
imp.   1 :   1.990978,   1.990978,   1.054036,   1.990978,   1.054036,  n :   8.081006
-------------------------------------------------------------------------------------------


Iteration [  6],    latt_mu :   0.000000,    imp_mu :   0.000000,,    Total_N :  14.002029
===========================================================================================
latt.  1 :   1.991288,   1.991288,   1.056205,   1.991288,   1.056204,  n :   8.086273
-------------------------------------------------------------------------------------------
imp.   1 :   1.991036,   1.991036,   1.053983,   1.991036,   1.053983,  n :   8.081072
-------------------------------------------------------------------------------------------


Iteration [  7],    latt_mu :   0.000000,    imp_mu :   0.000000,,    Total_N :  14.003119
===========================================================================================
latt.  1 :   1.991431,   1.991431,   1.055728,   1.991431,   1.055728,  n :   8.085748
-------------------------------------------------------------------------------------------
imp.   1 :   1.991033,   1.991033,   1.054108,   1.991033,   1.054108,  n :   8.081317
-------------------------------------------------------------------------------------------


Iteration [  8],    latt_mu :   0.000000,    imp_mu :   0.000000,,    Total_N :  14.002597
===========================================================================================
latt.  1 :   1.991403,   1.991403,   1.055093,   1.991403,   1.055093,  n :   8.084395
-------------------------------------------------------------------------------------------
imp.   1 :   1.991044,   1.991044,   1.054264,   1.991044,   1.054264,  n :   8.081658
-------------------------------------------------------------------------------------------


Iteration [  9],    latt_mu :   0.000000,    imp_mu :   0.000000,,    Total_N :  14.001412
===========================================================================================
latt.  1 :   1.991488,   1.991488,   1.054211,   1.991488,   1.054211,  n :   8.082887
-------------------------------------------------------------------------------------------
imp.   1 :   1.991062,   1.991062,   1.054129,   1.991062,   1.054129,  n :   8.081443
-------------------------------------------------------------------------------------------


Iteration [ 10],    latt_mu :   0.000000,    imp_mu :   0.000000,,    Total_N :  14.002125
===========================================================================================
latt.  1 :   1.991508,   1.991508,   1.054352,   1.991508,   1.054352,  n :   8.083228
-------------------------------------------------------------------------------------------
imp.   1 :   1.991050,   1.991050,   1.054185,   1.991050,   1.054185,  n :   8.081520
-------------------------------------------------------------------------------------------


Iteration [ 11],    latt_mu :   0.000000,    imp_mu :   0.000000,,    Total_N :  14.002532
===========================================================================================
latt.  1 :   1.991530,   1.991530,   1.054431,   1.991530,   1.054431,  n :   8.083452
-------------------------------------------------------------------------------------------
imp.   1 :   1.991055,   1.991055,   1.054213,   1.991055,   1.054213,  n :   8.081591
-------------------------------------------------------------------------------------------


Iteration [ 12],    latt_mu :   0.000000,    imp_mu :   0.000000,,    Total_N :  14.002229
===========================================================================================
latt.  1 :   1.991482,   1.991482,   1.054328,   1.991482,   1.054328,  n :   8.083104
-------------------------------------------------------------------------------------------
imp.   1 :   1.991042,   1.991042,   1.054151,   1.991042,   1.054151,  n :   8.081426
-------------------------------------------------------------------------------------------


Iteration [ 13],    latt_mu :   0.000000,    imp_mu :   0.000000,,    Total_N :  14.003301
===========================================================================================
latt.  1 :   1.991479,   1.991479,   1.054823,   1.991479,   1.054823,  n :   8.084084
-------------------------------------------------------------------------------------------
imp.   1 :   1.991061,   1.991061,   1.054233,   1.991061,   1.054233,  n :   8.081647
-------------------------------------------------------------------------------------------


Iteration [ 14],    latt_mu :   0.000000,    imp_mu :   0.000000,,    Total_N :  14.002002
===========================================================================================
latt.  1 :   1.991538,   1.991538,   1.054118,   1.991538,   1.054117,  n :   8.082848
-------------------------------------------------------------------------------------------
imp.   1 :   1.991060,   1.991060,   1.054220,   1.991060,   1.054220,  n :   8.081620
-------------------------------------------------------------------------------------------


Iteration [ 15],    latt_mu :   0.000000,    imp_mu :   0.000000,,    Total_N :  14.002478
===========================================================================================
latt.  1 :   1.991553,   1.991553,   1.054298,   1.991553,   1.054298,  n :   8.083254
-------------------------------------------------------------------------------------------
imp.   1 :   1.991055,   1.991055,   1.054149,   1.991055,   1.054149,  n :   8.081463
-------------------------------------------------------------------------------------------


Iteration [ 16],    latt_mu :   0.000000,    imp_mu :   0.000000,,    Total_N :  14.002657
===========================================================================================
latt.  1 :   1.991567,   1.991567,   1.054350,   1.991567,   1.054350,  n :   8.083402
-------------------------------------------------------------------------------------------
imp.   1 :   1.991052,   1.991052,   1.054228,   1.991052,   1.054228,  n :   8.081613
-------------------------------------------------------------------------------------------


Iteration [ 17],    latt_mu :   0.000000,    imp_mu :   0.000000,,    Total_N :  14.001730
===========================================================================================
latt.  1 :   1.991440,   1.991440,   1.054046,   1.991440,   1.054046,  n :   8.082411
-------------------------------------------------------------------------------------------
imp.   1 :   1.991053,   1.991053,   1.054202,   1.991053,   1.054202,  n :   8.081562
-------------------------------------------------------------------------------------------


Iteration [ 18],    latt_mu :   0.000000,    imp_mu :   0.000000,,    Total_N :  14.002133
===========================================================================================
latt.  1 :   1.991395,   1.991395,   1.054294,   1.991395,   1.054294,  n :   8.082772
-------------------------------------------------------------------------------------------
imp.   1 :   1.991053,   1.991053,   1.054236,   1.991053,   1.054236,  n :   8.081630
-------------------------------------------------------------------------------------------


Iteration [ 19],    latt_mu :   0.000000,    imp_mu :   0.000000,,    Total_N :  14.005362
===========================================================================================
latt.  1 :   1.992587,   1.992587,   1.054132,   1.992587,   1.054132,  n :   8.086025
-------------------------------------------------------------------------------------------
imp.   1 :   1.991066,   1.991066,   1.054141,   1.991066,   1.054141,  n :   8.081479
-------------------------------------------------------------------------------------------


Iteration [ 20],    latt_mu :   0.000000,    imp_mu :   0.000000,,    Total_N :  14.004872
===========================================================================================
latt.  1 :   1.991910,   1.991910,   1.054890,   1.991910,   1.054890,  n :   8.085509
-------------------------------------------------------------------------------------------
imp.   1 :   1.991061,   1.991061,   1.054195,   1.991061,   1.054195,  n :   8.081572
-------------------------------------------------------------------------------------------


Iteration [ 21],    latt_mu :   0.000000,    imp_mu :   0.000000,,    Total_N :  14.003460
===========================================================================================
latt.  1 :   1.991828,   1.991828,   1.054360,   1.991828,   1.054360,  n :   8.084204
-------------------------------------------------------------------------------------------
imp.   1 :   1.991061,   1.991061,   1.054193,   1.991061,   1.054193,  n :   8.081569
-------------------------------------------------------------------------------------------


Iteration [ 22],    latt_mu :   0.000000,    imp_mu :   0.000000,,    Total_N :  14.002396
===========================================================================================
latt.  1 :   1.991746,   1.991746,   1.053978,   1.991746,   1.053978,  n :   8.083194
-------------------------------------------------------------------------------------------
imp.   1 :   1.991061,   1.991061,   1.054188,   1.991061,   1.054188,  n :   8.081558
-------------------------------------------------------------------------------------------


Iteration [ 23],    latt_mu :   0.000000,    imp_mu :   0.000000,,    Total_N :  14.002116
===========================================================================================
latt.  1 :   1.991761,   1.991761,   1.053804,   1.991761,   1.053804,  n :   8.082890
-------------------------------------------------------------------------------------------
imp.   1 :   1.991055,   1.991055,   1.054261,   1.991055,   1.054261,  n :   8.081688
-------------------------------------------------------------------------------------------


Iteration [ 24],    latt_mu :   0.000000,    imp_mu :   0.000000,,    Total_N :  14.001773
===========================================================================================
latt.  1 :   1.991612,   1.991612,   1.053877,   1.991612,   1.053877,  n :   8.082591
-------------------------------------------------------------------------------------------
imp.   1 :   1.991069,   1.991069,   1.054138,   1.991069,   1.054138,  n :   8.081482
-------------------------------------------------------------------------------------------


Iteration [ 25],    latt_mu :   0.000000,    imp_mu :   0.000000,,    Total_N :  14.002698
===========================================================================================
latt.  1 :   1.991627,   1.991627,   1.054284,   1.991627,   1.054284,  n :   8.083448
-------------------------------------------------------------------------------------------
imp.   1 :   1.991059,   1.991059,   1.054181,   1.991059,   1.054181,  n :   8.081538
-------------------------------------------------------------------------------------------


Iteration [ 26],    latt_mu :   0.000000,    imp_mu :   0.000000,,    Total_N :  14.001500
===========================================================================================
latt.  1 :   1.991535,   1.991535,   1.053867,   1.991535,   1.053867,  n :   8.082340
-------------------------------------------------------------------------------------------
imp.   1 :   1.991074,   1.991074,   1.054104,   1.991074,   1.054104,  n :   8.081430
-------------------------------------------------------------------------------------------


Iteration [ 27],    latt_mu :   0.000000,    imp_mu :   0.000000,,    Total_N :  14.002598
===========================================================================================
latt.  1 :   1.991478,   1.991478,   1.054462,   1.991478,   1.054462,  n :   8.083358
-------------------------------------------------------------------------------------------
imp.   1 :   1.991053,   1.991053,   1.054229,   1.991053,   1.054229,  n :   8.081618
-------------------------------------------------------------------------------------------


Iteration [ 28],    latt_mu :   0.000000,    imp_mu :   0.000000,,    Total_N :  14.002046
===========================================================================================
latt.  1 :   1.991402,   1.991402,   1.054327,   1.991402,   1.054326,  n :   8.082859
-------------------------------------------------------------------------------------------
imp.   1 :   1.991067,   1.991067,   1.054256,   1.991067,   1.054256,  n :   8.081711
-------------------------------------------------------------------------------------------


Iteration [ 29],    latt_mu :   0.000000,    imp_mu :   0.000000,,    Total_N :  14.001313
===========================================================================================
latt.  1 :   1.991329,   1.991329,   1.054080,   1.991329,   1.054080,  n :   8.082146
-------------------------------------------------------------------------------------------
imp.   1 :   1.991058,   1.991058,   1.054213,   1.991058,   1.054213,  n :   8.081598
-------------------------------------------------------------------------------------------


Iteration [ 30],    latt_mu :   0.000000,    imp_mu :   0.000000,,    Total_N :  14.001910
===========================================================================================
latt.  1 :   1.991391,   1.991391,   1.054267,   1.991391,   1.054266,  n :   8.082705
-------------------------------------------------------------------------------------------
imp.   1 :   1.991055,   1.991055,   1.054172,   1.991055,   1.054172,  n :   8.081507
-------------------------------------------------------------------------------------------


Iteration [ 31],    latt_mu :   0.000000,    imp_mu :   0.000000,,    Total_N :  14.002056
===========================================================================================
latt.  1 :   1.991466,   1.991466,   1.054218,   1.991466,   1.054218,  n :   8.082834
-------------------------------------------------------------------------------------------
imp.   1 :   1.991049,   1.991049,   1.054154,   1.991049,   1.054154,  n :   8.081455
-------------------------------------------------------------------------------------------


Iteration [ 32],    latt_mu :   0.000000,    imp_mu :   0.000000,,    Total_N :  14.002886
===========================================================================================
latt.  1 :   1.991437,   1.991437,   1.054642,   1.991437,   1.054642,  n :   8.083596
-------------------------------------------------------------------------------------------
imp.   1 :   1.991068,   1.991068,   1.054186,   1.991068,   1.054186,  n :   8.081577
-------------------------------------------------------------------------------------------


Iteration [ 33],    latt_mu :   0.000000,    imp_mu :   0.000000,,    Total_N :  14.003637
===========================================================================================
latt.  1 :   1.991869,   1.991869,   1.054388,   1.991869,   1.054388,  n :   8.084382
-------------------------------------------------------------------------------------------
imp.   1 :   1.991065,   1.991065,   1.054189,   1.991065,   1.054189,  n :   8.081572
-------------------------------------------------------------------------------------------


Iteration [ 34],    latt_mu :   0.000000,    imp_mu :   0.000000,,    Total_N :  14.003363
===========================================================================================
latt.  1 :   1.991682,   1.991682,   1.054530,   1.991682,   1.054530,  n :   8.084106
-------------------------------------------------------------------------------------------
imp.   1 :   1.991059,   1.991059,   1.054158,   1.991059,   1.054158,  n :   8.081492
-------------------------------------------------------------------------------------------


Iteration [ 35],    latt_mu :   0.000000,    imp_mu :   0.000000,,    Total_N :  14.003144
===========================================================================================
latt.  1 :   1.991610,   1.991610,   1.054520,   1.991610,   1.054520,  n :   8.083869
-------------------------------------------------------------------------------------------
imp.   1 :   1.991060,   1.991060,   1.054225,   1.991060,   1.054225,  n :   8.081630
-------------------------------------------------------------------------------------------


Iteration [ 36],    latt_mu :   0.000000,    imp_mu :   0.000000,,    Total_N :  14.002381
===========================================================================================
latt.  1 :   1.991619,   1.991619,   1.054158,   1.991619,   1.054158,  n :   8.083173
-------------------------------------------------------------------------------------------
imp.   1 :   1.991063,   1.991063,   1.054133,   1.991063,   1.054133,  n :   8.081456
-------------------------------------------------------------------------------------------


Iteration [ 37],    latt_mu :   0.000000,    imp_mu :   0.000000,,    Total_N :  14.002333
===========================================================================================
latt.  1 :   1.991549,   1.991549,   1.054230,   1.991549,   1.054230,  n :   8.083107
-------------------------------------------------------------------------------------------
imp.   1 :   1.991051,   1.991051,   1.054235,   1.991051,   1.054235,  n :   8.081622
-------------------------------------------------------------------------------------------


Iteration [ 38],    latt_mu :   0.000000,    imp_mu :   0.000000,,    Total_N :  14.001501
===========================================================================================
latt.  1 :   1.991560,   1.991560,   1.053824,   1.991560,   1.053824,  n :   8.082328
-------------------------------------------------------------------------------------------
imp.   1 :   1.991054,   1.991054,   1.054144,   1.991054,   1.054144,  n :   8.081451
-------------------------------------------------------------------------------------------


Iteration [ 39],    latt_mu :   0.000000,    imp_mu :   0.000000,,    Total_N :  14.002944
===========================================================================================
latt.  1 :   1.991602,   1.991602,   1.054427,   1.991602,   1.054427,  n :   8.083658
-------------------------------------------------------------------------------------------
imp.   1 :   1.991064,   1.991064,   1.054206,   1.991064,   1.054206,  n :   8.081603
-------------------------------------------------------------------------------------------


Iteration [ 40],    latt_mu :   0.000000,    imp_mu :   0.000000,,    Total_N :  14.002918
===========================================================================================
latt.  1 :   1.991615,   1.991615,   1.054398,   1.991615,   1.054398,  n :   8.083642
-------------------------------------------------------------------------------------------
imp.   1 :   1.991042,   1.991042,   1.054197,   1.991042,   1.054197,  n :   8.081521
-------------------------------------------------------------------------------------------


Iteration [ 41],    latt_mu :   0.000000,    imp_mu :   0.000000,,    Total_N :  14.002621
===========================================================================================
latt.  1 :   1.991528,   1.991528,   1.054385,   1.991528,   1.054385,  n :   8.083355
-------------------------------------------------------------------------------------------
imp.   1 :   1.991053,   1.991053,   1.054205,   1.991053,   1.054205,  n :   8.081568
-------------------------------------------------------------------------------------------


Iteration [ 42],    latt_mu :   0.000000,    imp_mu :   0.000000,,    Total_N :  14.002416
===========================================================================================
latt.  1 :   1.991386,   1.991386,   1.054507,   1.991386,   1.054507,  n :   8.083171
-------------------------------------------------------------------------------------------
imp.   1 :   1.991069,   1.991069,   1.054164,   1.991069,   1.054164,  n :   8.081534
-------------------------------------------------------------------------------------------


Iteration [ 43],    latt_mu :   0.000000,    imp_mu :   0.000000,,    Total_N :  14.002005
===========================================================================================
latt.  1 :   1.991335,   1.991335,   1.054377,   1.991335,   1.054377,  n :   8.082757
-------------------------------------------------------------------------------------------
imp.   1 :   1.991061,   1.991061,   1.054213,   1.991061,   1.054213,  n :   8.081610
-------------------------------------------------------------------------------------------


Iteration [ 44],    latt_mu :   0.000000,    imp_mu :   0.000000,,    Total_N :  14.003472
===========================================================================================
latt.  1 :   1.991847,   1.991847,   1.054338,   1.991847,   1.054338,  n :   8.084216
-------------------------------------------------------------------------------------------
imp.   1 :   1.991057,   1.991057,   1.054177,   1.991057,   1.054177,  n :   8.081524
-------------------------------------------------------------------------------------------


Iteration [ 45],    latt_mu :   0.000000,    imp_mu :   0.000000,,    Total_N :  14.003139
===========================================================================================
latt.  1 :   1.991904,   1.991904,   1.054108,   1.991904,   1.054108,  n :   8.083929
-------------------------------------------------------------------------------------------
imp.   1 :   1.991054,   1.991054,   1.054121,   1.991054,   1.054121,  n :   8.081406
-------------------------------------------------------------------------------------------


Iteration [ 46],    latt_mu :   0.000000,    imp_mu :   0.000000,,    Total_N :  14.003531
===========================================================================================
latt.  1 :   1.991745,   1.991745,   1.054518,   1.991745,   1.054518,  n :   8.084271
-------------------------------------------------------------------------------------------
imp.   1 :   1.991045,   1.991045,   1.054276,   1.991045,   1.054276,  n :   8.081687
-------------------------------------------------------------------------------------------


Iteration [ 47],    latt_mu :   0.000000,    imp_mu :   0.000000,,    Total_N :  14.002549
===========================================================================================
latt.  1 :   1.991776,   1.991776,   1.054022,   1.991776,   1.054022,  n :   8.083374
-------------------------------------------------------------------------------------------
imp.   1 :   1.991051,   1.991051,   1.054235,   1.991051,   1.054235,  n :   8.081623
-------------------------------------------------------------------------------------------


Iteration [ 48],    latt_mu :   0.000000,    imp_mu :   0.000000,,    Total_N :  14.002241
===========================================================================================
latt.  1 :   1.991594,   1.991594,   1.054127,   1.991594,   1.054127,  n :   8.083035
-------------------------------------------------------------------------------------------
imp.   1 :   1.991049,   1.991049,   1.054227,   1.991049,   1.054227,  n :   8.081601
-------------------------------------------------------------------------------------------


Iteration [ 49],    latt_mu :   0.000000,    imp_mu :   0.000000,,    Total_N :  14.001901
===========================================================================================
latt.  1 :   1.991516,   1.991516,   1.054102,   1.991516,   1.054102,  n :   8.082751
-------------------------------------------------------------------------------------------
imp.   1 :   1.991041,   1.991041,   1.054208,   1.991041,   1.054208,  n :   8.081538
-------------------------------------------------------------------------------------------


Iteration [ 50],    latt_mu :   0.000000,    imp_mu :   0.000000,,    Total_N :  14.001411
===========================================================================================
latt.  1 :   1.991337,   1.991337,   1.054105,   1.991337,   1.054105,  n :   8.082222
-------------------------------------------------------------------------------------------
