Iter.[  1]|   (imp  1)   "N":   0.016816,   "Sz":  24.823300 |
Iter.[  2]|   (imp  1)   "N":   0.012053,   "Sz":  30.085900 |
Iter.[  3]|   (imp  1)   "N":   0.010356,   "Sz":  31.232600 |
Iter.[  4]|   (imp  1)   "N":   0.009864,   "Sz":  31.547100 |
Iter.[  5]|   (imp  1)   "N":   0.009619,   "Sz":  31.662600 |
Iter.[  6]|   (imp  1)   "N":   0.009585,   "Sz":  31.712800 |
Iter.[  7]|   (imp  1)   "N":   0.009495,   "Sz":  31.751200 |
Iter.[  8]|   (imp  1)   "N":   0.009445,   "Sz":  31.758000 |
Iter.[  9]|   (imp  1)   "N":   0.009514,   "Sz":  31.761900 |
Iter.[ 10]|   (imp  1)   "N":   0.009448,   "Sz":  31.771600 |
Iter.[ 11]|   (imp  1)   "N":   0.009447,   "Sz":  31.767400 |
Iter.[ 12]|   (imp  1)   "N":   0.009439,   "Sz":  31.769900 |
Iter.[ 13]|   (imp  1)   "N":   0.009433,   "Sz":  31.774400 |
Iter.[ 14]|   (imp  1)   "N":   0.009457,   "Sz":  31.777200 |
Iter.[ 15]|   (imp  1)   "N":   0.009445,   "Sz":  31.765600 |
Iter.[ 16]|   (imp  1)   "N":   0.009439,   "Sz":  31.779200 |
Iter.[ 17]|   (imp  1)   "N":   0.009438,   "Sz":  31.769700 |
Iter.[ 18]|   (imp  1)   "N":   0.009448,   "Sz":  31.777200 |
Iter.[ 19]|   (imp  1)   "N":   0.009458,   "Sz":  31.774000 |
Iter.[ 20]|   (imp  1)   "N":   0.009430,   "Sz":  31.776100 |
Iter.[ 21]|   (imp  1)   "N":   0.009432,   "Sz":  31.779900 |
Iter.[ 22]|   (imp  1)   "N":   0.009467,   "Sz":  31.779100 |
Iter.[ 23]|   (imp  1)   "N":   0.009463,   "Sz":  31.778900 |
Iter.[ 24]|   (imp  1)   "N":   0.009447,   "Sz":  31.771000 |
Iter.[ 25]|   (imp  1)   "N":   0.009427,   "Sz":  31.779000 |
Iter.[ 26]|   (imp  1)   "N":   0.009449,   "Sz":  31.779900 |
Iter.[ 27]|   (imp  1)   "N":   0.009386,   "Sz":  31.777900 |
Iter.[ 28]|   (imp  1)   "N":   0.009472,   "Sz":  31.772500 |
Iter.[ 29]|   (imp  1)   "N":   0.009448,   "Sz":  31.767400 |
Iter.[ 30]|   (imp  1)   "N":   0.009432,   "Sz":  31.774200 |
Iter.[ 31]|   (imp  1)   "N":   0.009431,   "Sz":  31.775300 |
Iter.[ 32]|   (imp  1)   "N":   0.009474,   "Sz":  31.772600 |
Iter.[ 33]|   (imp  1)   "N":   0.009449,   "Sz":  31.778100 |
Iter.[ 34]|   (imp  1)   "N":   0.009473,   "Sz":  31.771900 |
Iter.[ 35]|   (imp  1)   "N":   0.009456,   "Sz":  31.774900 |
Iter.[ 36]|   (imp  1)   "N":   0.009436,   "Sz":  31.773400 |
Iter.[ 37]|   (imp  1)   "N":   0.009410,   "Sz":  31.781100 |
Iter.[ 38]|   (imp  1)   "N":   0.009430,   "Sz":  31.776600 |
Iter.[ 39]|   (imp  1)   "N":   0.009420,   "Sz":  31.773400 |
Iter.[ 40]|   (imp  1)   "N":   0.009433,   "Sz":  31.771200 |
Iter.[ 41]|   (imp  1)   "N":   0.009476,   "Sz":  31.773900 |
Iter.[ 42]|   (imp  1)   "N":   0.009483,   "Sz":  31.769900 |
Iter.[ 43]|   (imp  1)   "N":   0.009460,   "Sz":  31.776200 |
Iter.[ 44]|   (imp  1)   "N":   0.009442,   "Sz":  31.770500 |
Iter.[ 45]|   (imp  1)   "N":   0.009461,   "Sz":  31.776200 |
Iter.[ 46]|   (imp  1)   "N":   0.009482,   "Sz":  31.776000 |
Iter.[ 47]|   (imp  1)   "N":   0.009448,   "Sz":  31.771500 |
Iter.[ 48]|   (imp  1)   "N":   0.009437,   "Sz":  31.765100 |
Iter.[ 49]|   (imp  1)   "N":   0.009434,   "Sz":  31.772200 |
Iter.[ 50]|   (imp  1)   "N":   0.009460,   "Sz":  31.772000 |
