Iteration [  0],    latt_mu :   0.000000,    imp_mu :   0.000000,,    Total_N :  28.001002
===========================================================================================
latt.  1 :   1.967662,   1.967662,   1.244349,   1.967662,   1.244349,  [↑ : 4.688, ↓ : 3.704, m : 0.984, n :   8.391684]
-------------------------------------------------------------------------------------------
imp.   1 :   1.985861,   1.985861,   1.052288,   1.985861,   1.052288,  [↑ : 4.858, ↓ : 3.204, m : 1.654, n :   8.062159]
-------------------------------------------------------------------------------------------


Iteration [  1],    latt_mu :   0.000000,    imp_mu :   0.000000,,    Total_N :  27.977318
===========================================================================================
latt.  1 :   1.987395,   1.987395,   1.121231,   1.987395,   1.121231,  [↑ : 4.881, ↓ : 3.324, m : 1.557, n :   8.204646]
-------------------------------------------------------------------------------------------
imp.   1 :   1.989741,   1.989741,   1.056027,   1.989741,   1.056027,  [↑ : 4.917, ↓ : 3.164, m : 1.753, n :   8.081278]
-------------------------------------------------------------------------------------------


Iteration [  2],    latt_mu :   0.000000,    imp_mu :   0.000000,,    Total_N :  27.989555
===========================================================================================
latt.  1 :   1.990009,   1.990009,   1.085842,   1.990009,   1.085842,  [↑ : 4.919, ↓ : 3.222, m : 1.697, n :   8.141711]
-------------------------------------------------------------------------------------------
imp.   1 :   1.990674,   1.990674,   1.057641,   1.990674,   1.057641,  [↑ : 4.932, ↓ : 3.156, m : 1.776, n :   8.087302]
-------------------------------------------------------------------------------------------


Iteration [  3],    latt_mu :   0.000000,    imp_mu :   0.000000,,    Total_N :  27.997052
===========================================================================================
latt.  1 :   1.990976,   1.990976,   1.071650,   1.990976,   1.071650,  [↑ : 4.932, ↓ : 3.184, m : 1.747, n :   8.116227]
-------------------------------------------------------------------------------------------
imp.   1 :   1.990977,   1.990977,   1.058195,   1.990977,   1.058195,  [↑ : 4.936, ↓ : 3.154, m : 1.782, n :   8.089320]
-------------------------------------------------------------------------------------------


Iteration [  4],    latt_mu :   0.000000,    imp_mu :   0.000000,,    Total_N :  28.000033
===========================================================================================
latt.  1 :   1.991272,   1.991272,   1.065140,   1.991272,   1.065140,  [↑ : 4.936, ↓ : 3.168, m : 1.768, n :   8.104096]
-------------------------------------------------------------------------------------------
imp.   1 :   1.991072,   1.991072,   1.058371,   1.991072,   1.058371,  [↑ : 4.931, ↓ : 3.159, m : 1.772, n :   8.089958]
-------------------------------------------------------------------------------------------


Iteration [  5],    latt_mu :   0.000000,    imp_mu :   0.000000,,    Total_N :  28.002302
===========================================================================================
latt.  1 :   1.991448,   1.991448,   1.062019,   1.991448,   1.062019,  [↑ : 4.935, ↓ : 3.163, m : 1.771, n :   8.098382]
-------------------------------------------------------------------------------------------
imp.   1 :   1.991144,   1.991144,   1.058466,   1.991144,   1.058466,  [↑ : 4.932, ↓ : 3.158, m : 1.774, n :   8.090365]
-------------------------------------------------------------------------------------------


Iteration [  6],    latt_mu :   0.000000,    imp_mu :   0.000000,,    Total_N :  28.002680
===========================================================================================
latt.  1 :   1.991491,   1.991491,   1.060329,   1.991491,   1.060329,  [↑ : 4.934, ↓ : 3.161, m : 1.774, n :   8.095130]
-------------------------------------------------------------------------------------------
imp.   1 :   1.991172,   1.991172,   1.058488,   1.991172,   1.058488,  [↑ : 4.931, ↓ : 3.160, m : 1.771, n :   8.090490]
-------------------------------------------------------------------------------------------


Iteration [  7],    latt_mu :   0.000000,    imp_mu :   0.000000,,    Total_N :  28.002508
===========================================================================================
latt.  1 :   1.991435,   1.991436,   1.059433,   1.991436,   1.059433,  [↑ : 4.933, ↓ : 3.160, m : 1.773, n :   8.093173]
-------------------------------------------------------------------------------------------
imp.   1 :   1.991190,   1.991190,   1.058476,   1.991190,   1.058476,  [↑ : 4.930, ↓ : 3.161, m : 1.769, n :   8.090522]
-------------------------------------------------------------------------------------------


Iteration [  8],    latt_mu :   0.000000,    imp_mu :   0.000000,,    Total_N :  28.003293
===========================================================================================
latt.  1 :   1.991491,   1.991491,   1.059058,   1.991491,   1.059058,  [↑ : 4.932, ↓ : 3.160, m : 1.772, n :   8.092589]
-------------------------------------------------------------------------------------------
imp.   1 :   1.991175,   1.991175,   1.058573,   1.991175,   1.058573,  [↑ : 4.936, ↓ : 3.154, m : 1.782, n :   8.090669]
-------------------------------------------------------------------------------------------


Iteration [  9],    latt_mu :   0.000000,    imp_mu :   0.000000,,    Total_N :  28.003360
===========================================================================================
latt.  1 :   1.991495,   1.991495,   1.058848,   1.991495,   1.058848,  [↑ : 4.935, ↓ : 3.157, m : 1.777, n :   8.092180]
-------------------------------------------------------------------------------------------
imp.   1 :   1.991190,   1.991190,   1.058609,   1.991190,   1.058609,  [↑ : 4.940, ↓ : 3.151, m : 1.789, n :   8.090787]
-------------------------------------------------------------------------------------------


Iteration [ 10],    latt_mu :   0.000000,    imp_mu :   0.000000,,    Total_N :  28.004014
===========================================================================================
latt.  1 :   1.991626,   1.991626,   1.058721,   1.991626,   1.058721,  [↑ : 4.938, ↓ : 3.154, m : 1.784, n :   8.092319]
-------------------------------------------------------------------------------------------
imp.   1 :   1.991201,   1.991201,   1.058620,   1.991201,   1.058620,  [↑ : 4.931, ↓ : 3.159, m : 1.772, n :   8.090844]
-------------------------------------------------------------------------------------------


Iteration [ 11],    latt_mu :   0.000000,    imp_mu :   0.000000,,    Total_N :  28.003413
===========================================================================================
latt.  1 :   1.991466,   1.991466,   1.058706,   1.991466,   1.058706,  [↑ : 4.935, ↓ : 3.157, m : 1.779, n :   8.091809]
-------------------------------------------------------------------------------------------
imp.   1 :   1.991212,   1.991212,   1.058528,   1.991212,   1.058528,  [↑ : 4.937, ↓ : 3.154, m : 1.782, n :   8.090690]
-------------------------------------------------------------------------------------------


Iteration [ 12],    latt_mu :   0.000000,    imp_mu :   0.000000,,    Total_N :  28.003452
===========================================================================================
latt.  1 :   1.991472,   1.991472,   1.058686,   1.991472,   1.058686,  [↑ : 4.936, ↓ : 3.155, m : 1.781, n :   8.091789]
-------------------------------------------------------------------------------------------
imp.   1 :   1.991201,   1.991201,   1.058672,   1.991201,   1.058672,  [↑ : 4.942, ↓ : 3.149, m : 1.793, n :   8.090947]
-------------------------------------------------------------------------------------------


Iteration [ 13],    latt_mu :   0.000000,    imp_mu :   0.000000,,    Total_N :  28.003379
===========================================================================================
latt.  1 :   1.991501,   1.991501,   1.058644,   1.991501,   1.058644,  [↑ : 4.940, ↓ : 3.152, m : 1.787, n :   8.091790]
-------------------------------------------------------------------------------------------
imp.   1 :   1.991196,   1.991196,   1.058685,   1.991196,   1.058685,  [↑ : 4.938, ↓ : 3.153, m : 1.786, n :   8.090959]
-------------------------------------------------------------------------------------------


Iteration [ 14],    latt_mu :   0.000000,    imp_mu :   0.000000,,    Total_N :  28.003972
===========================================================================================
latt.  1 :   1.991588,   1.991588,   1.058663,   1.991588,   1.058663,  [↑ : 4.940, ↓ : 3.152, m : 1.787, n :   8.092090]
-------------------------------------------------------------------------------------------
imp.   1 :   1.991197,   1.991197,   1.058638,   1.991197,   1.058638,  [↑ : 4.937, ↓ : 3.154, m : 1.782, n :   8.090867]
-------------------------------------------------------------------------------------------


Iteration [ 15],    latt_mu :   0.000000,    imp_mu :   0.000000,,    Total_N :  28.004026
===========================================================================================
latt.  1 :   1.991573,   1.991573,   1.058679,   1.991573,   1.058679,  [↑ : 4.939, ↓ : 3.153, m : 1.785, n :   8.092075]
-------------------------------------------------------------------------------------------
imp.   1 :   1.991191,   1.991191,   1.058624,   1.991191,   1.058624,  [↑ : 4.932, ↓ : 3.159, m : 1.772, n :   8.090822]
-------------------------------------------------------------------------------------------


Iteration [ 16],    latt_mu :   0.000000,    imp_mu :   0.000000,,    Total_N :  28.003739
===========================================================================================
latt.  1 :   1.991597,   1.991597,   1.058537,   1.991597,   1.058537,  [↑ : 4.935, ↓ : 3.156, m : 1.779, n :   8.091867]
-------------------------------------------------------------------------------------------
imp.   1 :   1.991201,   1.991201,   1.058600,   1.991201,   1.058600,  [↑ : 4.937, ↓ : 3.154, m : 1.783, n :   8.090804]
-------------------------------------------------------------------------------------------


Iteration [ 17],    latt_mu :   0.000000,    imp_mu :   0.000000,,    Total_N :  28.003033
===========================================================================================
latt.  1 :   1.991510,   1.991510,   1.058512,   1.991510,   1.058512,  [↑ : 4.936, ↓ : 3.155, m : 1.781, n :   8.091553]
-------------------------------------------------------------------------------------------
imp.   1 :   1.991197,   1.991197,   1.058558,   1.991197,   1.058558,  [↑ : 4.937, ↓ : 3.154, m : 1.782, n :   8.090705]
-------------------------------------------------------------------------------------------


Iteration [ 18],    latt_mu :   0.000000,    imp_mu :   0.000000,,    Total_N :  28.003236
===========================================================================================
latt.  1 :   1.991554,   1.991554,   1.058493,   1.991554,   1.058493,  [↑ : 4.937, ↓ : 3.155, m : 1.781, n :   8.091649]
-------------------------------------------------------------------------------------------
imp.   1 :   1.991193,   1.991193,   1.058648,   1.991193,   1.058648,  [↑ : 4.938, ↓ : 3.153, m : 1.786, n :   8.090875]
-------------------------------------------------------------------------------------------


Iteration [ 19],    latt_mu :   0.000000,    imp_mu :   0.000000,,    Total_N :  28.004383
===========================================================================================
latt.  1 :   1.991744,   1.991744,   1.058509,   1.991744,   1.058509,  [↑ : 4.938, ↓ : 3.154, m : 1.783, n :   8.092249]
-------------------------------------------------------------------------------------------
imp.   1 :   1.991192,   1.991192,   1.058597,   1.991192,   1.058597,  [↑ : 4.937, ↓ : 3.154, m : 1.782, n :   8.090769]
-------------------------------------------------------------------------------------------


Iteration [ 20],    latt_mu :   0.000000,    imp_mu :   0.000000,,    Total_N :  28.004000
===========================================================================================
latt.  1 :   1.991606,   1.991606,   1.058618,   1.991606,   1.058618,  [↑ : 4.938, ↓ : 3.154, m : 1.783, n :   8.092054]
-------------------------------------------------------------------------------------------
imp.   1 :   1.991199,   1.991199,   1.058553,   1.991199,   1.058553,  [↑ : 4.935, ↓ : 3.156, m : 1.779, n :   8.090702]
-------------------------------------------------------------------------------------------


Iteration [ 21],    latt_mu :   0.000000,    imp_mu :   0.000000,,    Total_N :  28.003817
===========================================================================================
latt.  1 :   1.991644,   1.991644,   1.058510,   1.991644,   1.058509,  [↑ : 4.937, ↓ : 3.155, m : 1.781, n :   8.091950]
-------------------------------------------------------------------------------------------
imp.   1 :   1.991189,   1.991189,   1.058593,   1.991189,   1.058593,  [↑ : 4.931, ↓ : 3.159, m : 1.772, n :   8.090754]
-------------------------------------------------------------------------------------------


Iteration [ 22],    latt_mu :   0.000000,    imp_mu :   0.000000,,    Total_N :  28.004641
===========================================================================================
latt.  1 :   1.991741,   1.991741,   1.058552,   1.991741,   1.058552,  [↑ : 4.934, ↓ : 3.158, m : 1.777, n :   8.092326]
-------------------------------------------------------------------------------------------
imp.   1 :   1.991198,   1.991198,   1.058494,   1.991198,   1.058494,  [↑ : 4.933, ↓ : 3.157, m : 1.776, n :   8.090582]
-------------------------------------------------------------------------------------------


Iteration [ 23],    latt_mu :   0.000000,    imp_mu :   0.000000,,    Total_N :  28.004012
===========================================================================================
latt.  1 :   1.991709,   1.991709,   1.058444,   1.991709,   1.058444,  [↑ : 4.934, ↓ : 3.158, m : 1.776, n :   8.092016]
-------------------------------------------------------------------------------------------
imp.   1 :   1.991201,   1.991201,   1.058578,   1.991201,   1.058578,  [↑ : 4.937, ↓ : 3.154, m : 1.782, n :   8.090760]
-------------------------------------------------------------------------------------------


Iteration [ 24],    latt_mu :   0.000000,    imp_mu :   0.000000,,    Total_N :  28.003595
===========================================================================================
latt.  1 :   1.991569,   1.991569,   1.058558,   1.991569,   1.058558,  [↑ : 4.936, ↓ : 3.156, m : 1.780, n :   8.091821]
-------------------------------------------------------------------------------------------
imp.   1 :   1.991193,   1.991193,   1.058631,   1.991193,   1.058631,  [↑ : 4.938, ↓ : 3.153, m : 1.786, n :   8.090840]
-------------------------------------------------------------------------------------------


Iteration [ 25],    latt_mu :   0.000000,    imp_mu :   0.000000,,    Total_N :  28.003671
===========================================================================================
latt.  1 :   1.991573,   1.991573,   1.058576,   1.991573,   1.058576,  [↑ : 4.938, ↓ : 3.154, m : 1.784, n :   8.091870]
-------------------------------------------------------------------------------------------
imp.   1 :   1.991201,   1.991201,   1.058591,   1.991201,   1.058591,  [↑ : 4.938, ↓ : 3.152, m : 1.786, n :   8.090784]
-------------------------------------------------------------------------------------------


Iteration [ 26],    latt_mu :   0.000000,    imp_mu :   0.000000,,    Total_N :  28.004258
===========================================================================================
latt.  1 :   1.991618,   1.991618,   1.058661,   1.991618,   1.058661,  [↑ : 4.939, ↓ : 3.154, m : 1.785, n :   8.092177]
-------------------------------------------------------------------------------------------
imp.   1 :   1.991203,   1.991203,   1.058712,   1.991203,   1.058712,  [↑ : 4.937, ↓ : 3.154, m : 1.782, n :   8.091031]
-------------------------------------------------------------------------------------------


Iteration [ 27],    latt_mu :   0.000000,    imp_mu :   0.000000,,    Total_N :  28.003864
===========================================================================================
latt.  1 :   1.991587,   1.991587,   1.058607,   1.991587,   1.058607,  [↑ : 4.938, ↓ : 3.154, m : 1.784, n :   8.091974]
-------------------------------------------------------------------------------------------
imp.   1 :   1.991198,   1.991198,   1.058598,   1.991198,   1.058598,  [↑ : 4.931, ↓ : 3.159, m : 1.772, n :   8.090791]
-------------------------------------------------------------------------------------------


Iteration [ 28],    latt_mu :   0.000000,    imp_mu :   0.000000,,    Total_N :  28.004318
===========================================================================================
latt.  1 :   1.991664,   1.991664,   1.058563,   1.991664,   1.058563,  [↑ : 4.935, ↓ : 3.157, m : 1.778, n :   8.092117]
-------------------------------------------------------------------------------------------
imp.   1 :   1.991192,   1.991192,   1.058536,   1.991192,   1.058536,  [↑ : 4.930, ↓ : 3.161, m : 1.769, n :   8.090648]
-------------------------------------------------------------------------------------------


Iteration [ 29],    latt_mu :   0.000000,    imp_mu :   0.000000,,    Total_N :  28.005052
===========================================================================================
latt.  1 :   1.991799,   1.991799,   1.058534,   1.991799,   1.058534,  [↑ : 4.933, ↓ : 3.159, m : 1.774, n :   8.092465]
-------------------------------------------------------------------------------------------
imp.   1 :   1.991206,   1.991206,   1.058583,   1.991206,   1.058583,  [↑ : 4.933, ↓ : 3.158, m : 1.776, n :   8.090784]
-------------------------------------------------------------------------------------------


Iteration [ 30],    latt_mu :   0.000000,    imp_mu :   0.000000,,    Total_N :  28.004495
===========================================================================================
latt.  1 :   1.991691,   1.991691,   1.058548,   1.991691,   1.058548,  [↑ : 4.933, ↓ : 3.159, m : 1.775, n :   8.092168]
-------------------------------------------------------------------------------------------
imp.   1 :   1.991201,   1.991201,   1.058546,   1.991201,   1.058546,  [↑ : 4.937, ↓ : 3.154, m : 1.783, n :   8.090695]
-------------------------------------------------------------------------------------------


Iteration [ 31],    latt_mu :   0.000000,    imp_mu :   0.000000,,    Total_N :  28.005984
===========================================================================================
latt.  1 :   1.991789,   1.991789,   1.058772,   1.991789,   1.058772,  [↑ : 4.936, ↓ : 3.157, m : 1.779, n :   8.092910]
-------------------------------------------------------------------------------------------
imp.   1 :   1.991181,   1.991181,   1.058720,   1.991181,   1.058720,  [↑ : 4.938, ↓ : 3.153, m : 1.786, n :   8.090983]
-------------------------------------------------------------------------------------------


Iteration [ 32],    latt_mu :   0.000000,    imp_mu :   0.000000,,    Total_N :  28.004122
===========================================================================================
latt.  1 :   1.991586,   1.991586,   1.058656,   1.991586,   1.058656,  [↑ : 4.937, ↓ : 3.155, m : 1.783, n :   8.092069]
-------------------------------------------------------------------------------------------
imp.   1 :   1.991184,   1.991184,   1.058607,   1.991184,   1.058607,  [↑ : 4.937, ↓ : 3.154, m : 1.782, n :   8.090764]
-------------------------------------------------------------------------------------------


Iteration [ 33],    latt_mu :   0.000000,    imp_mu :   0.000000,,    Total_N :  28.003839
===========================================================================================
latt.  1 :   1.991588,   1.991588,   1.058611,   1.991588,   1.058611,  [↑ : 4.938, ↓ : 3.154, m : 1.783, n :   8.091986]
-------------------------------------------------------------------------------------------
imp.   1 :   1.991194,   1.991194,   1.058596,   1.991194,   1.058596,  [↑ : 4.928, ↓ : 3.163, m : 1.765, n :   8.090774]
-------------------------------------------------------------------------------------------


Iteration [ 34],    latt_mu :   0.000000,    imp_mu :   0.000000,,    Total_N :  28.003910
===========================================================================================
latt.  1 :   1.991625,   1.991625,   1.058535,   1.991625,   1.058535,  [↑ : 4.933, ↓ : 3.159, m : 1.774, n :   8.091943]
-------------------------------------------------------------------------------------------
imp.   1 :   1.991180,   1.991180,   1.058702,   1.991180,   1.058702,  [↑ : 4.940, ↓ : 3.151, m : 1.789, n :   8.090943]
-------------------------------------------------------------------------------------------


Iteration [ 35],    latt_mu :   0.000000,    imp_mu :   0.000000,,    Total_N :  28.003976
===========================================================================================
latt.  1 :   1.991649,   1.991649,   1.058527,   1.991649,   1.058527,  [↑ : 4.937, ↓ : 3.155, m : 1.782, n :   8.092001]
-------------------------------------------------------------------------------------------
imp.   1 :   1.991195,   1.991195,   1.058564,   1.991195,   1.058564,  [↑ : 4.931, ↓ : 3.159, m : 1.772, n :   8.090713]
-------------------------------------------------------------------------------------------


Iteration [ 36],    latt_mu :   0.000000,    imp_mu :   0.000000,,    Total_N :  28.004437
===========================================================================================
latt.  1 :   1.991712,   1.991712,   1.058521,   1.991712,   1.058521,  [↑ : 4.935, ↓ : 3.157, m : 1.777, n :   8.092176]
-------------------------------------------------------------------------------------------
imp.   1 :   1.991182,   1.991182,   1.058654,   1.991182,   1.058654,  [↑ : 4.932, ↓ : 3.159, m : 1.772, n :   8.090855]
-------------------------------------------------------------------------------------------


Iteration [ 37],    latt_mu :   0.000000,    imp_mu :   0.000000,,    Total_N :  27.999057
===========================================================================================
latt.  1 :   1.991678,   1.991678,   1.057340,   1.991678,   1.057340,  [↑ : 4.931, ↓ : 3.159, m : 1.773, n :   8.089713]
-------------------------------------------------------------------------------------------
imp.   1 :   1.991221,   1.991221,   1.058482,   1.991221,   1.058482,  [↑ : 4.935, ↓ : 3.156, m : 1.779, n :   8.090626]
-------------------------------------------------------------------------------------------


Iteration [ 38],    latt_mu :   0.000000,    imp_mu :   0.000000,,    Total_N :  27.995451
===========================================================================================
latt.  1 :   1.990723,   1.990723,   1.057863,   1.990723,   1.057863,  [↑ : 4.934, ↓ : 3.154, m : 1.779, n :   8.087897]
-------------------------------------------------------------------------------------------
imp.   1 :   1.991216,   1.991216,   1.058582,   1.991216,   1.058582,  [↑ : 4.938, ↓ : 3.152, m : 1.786, n :   8.090813]
-------------------------------------------------------------------------------------------


Iteration [ 39],    latt_mu :   0.000000,    imp_mu :   0.000000,,    Total_N :  27.998454
===========================================================================================
latt.  1 :   1.990995,   1.990995,   1.058180,   1.990995,   1.058180,  [↑ : 4.936, ↓ : 3.153, m : 1.783, n :   8.089347]
-------------------------------------------------------------------------------------------
imp.   1 :   1.991206,   1.991206,   1.058613,   1.991206,   1.058613,  [↑ : 4.938, ↓ : 3.153, m : 1.786, n :   8.090844]
-------------------------------------------------------------------------------------------


Iteration [ 40],    latt_mu :   0.000000,    imp_mu :   0.000000,,    Total_N :  28.002596
===========================================================================================
latt.  1 :   1.991377,   1.991377,   1.058538,   1.991377,   1.058538,  [↑ : 4.938, ↓ : 3.153, m : 1.785, n :   8.091208]
-------------------------------------------------------------------------------------------
imp.   1 :   1.991192,   1.991192,   1.058585,   1.991192,   1.058585,  [↑ : 4.935, ↓ : 3.156, m : 1.779, n :   8.090745]
-------------------------------------------------------------------------------------------


Iteration [ 41],    latt_mu :   0.000000,    imp_mu :   0.000000,,    Total_N :  28.004212
===========================================================================================
latt.  1 :   1.991641,   1.991641,   1.058574,   1.991641,   1.058574,  [↑ : 4.937, ↓ : 3.155, m : 1.782, n :   8.092073]
-------------------------------------------------------------------------------------------
imp.   1 :   1.991186,   1.991186,   1.058585,   1.991186,   1.058585,  [↑ : 4.937, ↓ : 3.154, m : 1.782, n :   8.090730]
-------------------------------------------------------------------------------------------


Iteration [ 42],    latt_mu :   0.000000,    imp_mu :   0.000000,,    Total_N :  28.004773
===========================================================================================
latt.  1 :   1.991757,   1.991757,   1.058565,   1.991757,   1.058565,  [↑ : 4.938, ↓ : 3.155, m : 1.783, n :   8.092400]
-------------------------------------------------------------------------------------------
imp.   1 :   1.991200,   1.991200,   1.058576,   1.991200,   1.058576,  [↑ : 4.933, ↓ : 3.158, m : 1.776, n :   8.090752]
-------------------------------------------------------------------------------------------


Iteration [ 43],    latt_mu :   0.000000,    imp_mu :   0.000000,,    Total_N :  28.004393
===========================================================================================
latt.  1 :   1.991646,   1.991646,   1.058613,   1.991646,   1.058613,  [↑ : 4.936, ↓ : 3.156, m : 1.780, n :   8.092165]
-------------------------------------------------------------------------------------------
imp.   1 :   1.991198,   1.991198,   1.058631,   1.991198,   1.058631,  [↑ : 4.925, ↓ : 3.166, m : 1.759, n :   8.090856]
-------------------------------------------------------------------------------------------


Iteration [ 44],    latt_mu :   0.000000,    imp_mu :   0.000000,,    Total_N :  28.005040
===========================================================================================
latt.  1 :   1.991769,   1.991769,   1.058537,   1.991769,   1.058537,  [↑ : 4.931, ↓ : 3.161, m : 1.770, n :   8.092380]
-------------------------------------------------------------------------------------------
imp.   1 :   1.991195,   1.991195,   1.058522,   1.991195,   1.058522,  [↑ : 4.933, ↓ : 3.157, m : 1.776, n :   8.090627]
-------------------------------------------------------------------------------------------


Iteration [ 45],    latt_mu :   0.000000,    imp_mu :   0.000000,,    Total_N :  28.004565
===========================================================================================
latt.  1 :   1.991692,   1.991692,   1.058568,   1.991692,   1.058568,  [↑ : 4.933, ↓ : 3.159, m : 1.773, n :   8.092212]
-------------------------------------------------------------------------------------------
imp.   1 :   1.991184,   1.991184,   1.058577,   1.991184,   1.058577,  [↑ : 4.933, ↓ : 3.158, m : 1.776, n :   8.090707]
-------------------------------------------------------------------------------------------


Iteration [ 46],    latt_mu :   0.000000,    imp_mu :   0.000000,,    Total_N :  28.003912
===========================================================================================
latt.  1 :   1.991594,   1.991594,   1.058575,   1.991594,   1.058575,  [↑ : 4.933, ↓ : 3.159, m : 1.775, n :   8.091933]
-------------------------------------------------------------------------------------------
imp.   1 :   1.991206,   1.991206,   1.058605,   1.991206,   1.058605,  [↑ : 4.938, ↓ : 3.153, m : 1.786, n :   8.090829]
-------------------------------------------------------------------------------------------


Iteration [ 47],    latt_mu :   0.000000,    imp_mu :   0.000000,,    Total_N :  28.002944
===========================================================================================
latt.  1 :   1.991477,   1.991477,   1.058546,   1.991477,   1.058546,  [↑ : 4.936, ↓ : 3.156, m : 1.780, n :   8.091522]
-------------------------------------------------------------------------------------------
imp.   1 :   1.991187,   1.991187,   1.058492,   1.991187,   1.058492,  [↑ : 4.923, ↓ : 3.168, m : 1.755, n :   8.090546]
-------------------------------------------------------------------------------------------


Iteration [ 48],    latt_mu :   0.000000,    imp_mu :   0.000000,,    Total_N :  28.003329
===========================================================================================
latt.  1 :   1.991469,   1.991469,   1.058588,   1.991469,   1.058588,  [↑ : 4.930, ↓ : 3.162, m : 1.768, n :   8.091582]
-------------------------------------------------------------------------------------------
imp.   1 :   1.991216,   1.991216,   1.058552,   1.991216,   1.058552,  [↑ : 4.935, ↓ : 3.156, m : 1.779, n :   8.090751]
-------------------------------------------------------------------------------------------


Iteration [ 49],    latt_mu :   0.000000,    imp_mu :   0.000000,,    Total_N :  28.003800
===========================================================================================
latt.  1 :   1.991549,   1.991549,   1.058600,   1.991549,   1.058600,  [↑ : 4.933, ↓ : 3.159, m : 1.774, n :   8.091849]
-------------------------------------------------------------------------------------------
imp.   1 :   1.991191,   1.991191,   1.058553,   1.991191,   1.058553,  [↑ : 4.938, ↓ : 3.152, m : 1.786, n :   8.090677]
-------------------------------------------------------------------------------------------


Iteration [ 50],    latt_mu :   0.000000,    imp_mu :   0.000000,,    Total_N :  28.003645
===========================================================================================
latt.  1 :   1.991542,   1.991542,   1.058622,   1.991542,   1.058622,  [↑ : 4.936, ↓ : 3.156, m : 1.781, n :   8.091869]
-------------------------------------------------------------------------------------------
