Iter.[  1]|   (imp  1)   "N":   0.015903,   "Sz":  26.557400 |
Iter.[  2]|   (imp  1)   "N":   0.012469,   "Sz":  29.760500 |
Iter.[  3]|   (imp  1)   "N":   0.011338,   "Sz":  30.640900 |
Iter.[  4]|   (imp  1)   "N":   0.010780,   "Sz":  30.952100 |
Iter.[  5]|   (imp  1)   "N":   0.010641,   "Sz":  31.086800 |
Iter.[  6]|   (imp  1)   "N":   0.010539,   "Sz":  31.151900 |
Iter.[  7]|   (imp  1)   "N":   0.010504,   "Sz":  31.181000 |
Iter.[  8]|   (imp  1)   "N":   0.010417,   "Sz":  31.210500 |
Iter.[  9]|   (imp  1)   "N":   0.010432,   "Sz":  31.206400 |
Iter.[ 10]|   (imp  1)   "N":   0.010497,   "Sz":  31.208000 |
Iter.[ 11]|   (imp  1)   "N":   0.010481,   "Sz":  31.212900 |
Iter.[ 12]|   (imp  1)   "N":   0.010488,   "Sz":  31.215500 |
Iter.[ 13]|   (imp  1)   "N":   0.010465,   "Sz":  31.207000 |
Iter.[ 14]|   (imp  1)   "N":   0.010525,   "Sz":  31.202100 |
Iter.[ 15]|   (imp  1)   "N":   0.010450,   "Sz":  31.206400 |
Iter.[ 16]|   (imp  1)   "N":   0.010434,   "Sz":  31.216100 |
Iter.[ 17]|   (imp  1)   "N":   0.010392,   "Sz":  31.217100 |
Iter.[ 18]|   (imp  1)   "N":   0.010454,   "Sz":  31.213500 |
Iter.[ 19]|   (imp  1)   "N":   0.010450,   "Sz":  31.208500 |
Iter.[ 20]|   (imp  1)   "N":   0.010441,   "Sz":  31.212600 |
Iter.[ 21]|   (imp  1)   "N":   0.010476,   "Sz":  31.212700 |
Iter.[ 22]|   (imp  1)   "N":   0.010442,   "Sz":  31.211500 |
Iter.[ 23]|   (imp  1)   "N":   0.010446,   "Sz":  31.223200 |
Iter.[ 24]|   (imp  1)   "N":   0.010454,   "Sz":  31.214000 |
Iter.[ 25]|   (imp  1)   "N":   0.010473,   "Sz":  31.210100 |
Iter.[ 26]|   (imp  1)   "N":   0.010427,   "Sz":  31.213000 |
Iter.[ 27]|   (imp  1)   "N":   0.010435,   "Sz":  31.204900 |
Iter.[ 28]|   (imp  1)   "N":   0.010485,   "Sz":  31.212500 |
Iter.[ 29]|   (imp  1)   "N":   0.010460,   "Sz":  31.219000 |
Iter.[ 30]|   (imp  1)   "N":   0.010453,   "Sz":  31.212100 |
Iter.[ 31]|   (imp  1)   "N":   0.010414,   "Sz":  31.222800 |
Iter.[ 32]|   (imp  1)   "N":   0.010453,   "Sz":  31.207900 |
Iter.[ 33]|   (imp  1)   "N":   0.010483,   "Sz":  31.211300 |
Iter.[ 34]|   (imp  1)   "N":   0.010446,   "Sz":  31.215600 |
Iter.[ 35]|   (imp  1)   "N":   0.010451,   "Sz":  31.211800 |
Iter.[ 36]|   (imp  1)   "N":   0.010433,   "Sz":  31.216200 |
Iter.[ 37]|   (imp  1)   "N":   0.010419,   "Sz":  31.215500 |
Iter.[ 38]|   (imp  1)   "N":   0.010422,   "Sz":  31.221900 |
Iter.[ 39]|   (imp  1)   "N":   0.010454,   "Sz":  31.214800 |
Iter.[ 40]|   (imp  1)   "N":   0.010491,   "Sz":  31.210800 |
Iter.[ 41]|   (imp  1)   "N":   0.010434,   "Sz":  31.211500 |
Iter.[ 42]|   (imp  1)   "N":   0.010458,   "Sz":  31.214100 |
Iter.[ 43]|   (imp  1)   "N":   0.010472,   "Sz":  31.215500 |
Iter.[ 44]|   (imp  1)   "N":   0.010472,   "Sz":  31.225200 |
Iter.[ 45]|   (imp  1)   "N":   0.010467,   "Sz":  31.220700 |
Iter.[ 46]|   (imp  1)   "N":   0.010462,   "Sz":  31.218600 |
Iter.[ 47]|   (imp  1)   "N":   0.010433,   "Sz":  31.209000 |
Iter.[ 48]|   (imp  1)   "N":   0.010504,   "Sz":  31.219200 |
Iter.[ 49]|   (imp  1)   "N":   0.010433,   "Sz":  31.219200 |
Iter.[ 50]|   (imp  1)   "N":   0.010438,   "Sz":  31.212600 |
