Iteration [  0],    latt_mu :   1.378313,    imp_mu :   1.378313,,    Total_N :  10.000000
===========================================================================================
latt.  1 :   1.606613,   1.606615,   1.752427,   1.606611,   1.752432,  [↑ : 4.572, ↓ : 3.753, m : 0.819, n :   8.324698]
-------------------------------------------------------------------------------------------
imp.   1 :   1.651971,   1.651971,   1.804408,   1.651971,   1.804408,  [↑ : 4.507, ↓ : 4.058, m : 0.449, n :   8.564728]
-------------------------------------------------------------------------------------------


Iteration [  1],    latt_mu :   1.222716,    imp_mu :   1.222716,,    Total_N :  10.000000
===========================================================================================
latt.  1 :   1.602845,   1.602848,   1.761699,   1.602843,   1.761705,  [↑ : 4.552, ↓ : 3.780, m : 0.772, n :   8.331940]
-------------------------------------------------------------------------------------------
imp.   1 :   1.637238,   1.637238,   1.800172,   1.637238,   1.800172,  [↑ : 4.560, ↓ : 3.952, m : 0.607, n :   8.512060]
-------------------------------------------------------------------------------------------


Iteration [  2],    latt_mu :   1.133341,    imp_mu :   1.133341,,    Total_N :  10.000000
===========================================================================================
latt.  1 :   1.601932,   1.601935,   1.768082,   1.601930,   1.768087,  [↑ : 4.552, ↓ : 3.790, m : 0.763, n :   8.341966]
-------------------------------------------------------------------------------------------
imp.   1 :   1.629648,   1.629648,   1.795198,   1.629648,   1.795198,  [↑ : 4.574, ↓ : 3.905, m : 0.669, n :   8.479340]
-------------------------------------------------------------------------------------------


Iteration [  3],    latt_mu :   1.074536,    imp_mu :   1.074536,,    Total_N :  10.000000
===========================================================================================
latt.  1 :   1.602527,   1.602530,   1.772070,   1.602525,   1.772075,  [↑ : 4.555, ↓ : 3.796, m : 0.759, n :   8.351727]
-------------------------------------------------------------------------------------------
imp.   1 :   1.624883,   1.624883,   1.791675,   1.624883,   1.791675,  [↑ : 4.575, ↓ : 3.883, m : 0.693, n :   8.458000]
-------------------------------------------------------------------------------------------


Iteration [  4],    latt_mu :   1.031153,    imp_mu :   1.031153,,    Total_N :  10.000000
===========================================================================================
latt.  1 :   1.603650,   1.603653,   1.774373,   1.603648,   1.774378,  [↑ : 4.559, ↓ : 3.801, m : 0.758, n :   8.359702]
-------------------------------------------------------------------------------------------
imp.   1 :   1.621142,   1.621142,   1.788920,   1.621142,   1.788920,  [↑ : 4.577, ↓ : 3.865, m : 0.712, n :   8.441264]
-------------------------------------------------------------------------------------------


Iteration [  5],    latt_mu :   0.998744,    imp_mu :   0.998744,,    Total_N :   9.999999
===========================================================================================
latt.  1 :   1.604706,   1.604709,   1.775941,   1.604704,   1.775946,  [↑ : 4.563, ↓ : 3.803, m : 0.759, n :   8.366007]
-------------------------------------------------------------------------------------------
imp.   1 :   1.618286,   1.618286,   1.786574,   1.618286,   1.786574,  [↑ : 4.577, ↓ : 3.851, m : 0.727, n :   8.428005]
-------------------------------------------------------------------------------------------


Iteration [  6],    latt_mu :   0.973617,    imp_mu :   0.973617,,    Total_N :   9.999999
===========================================================================================
latt.  1 :   1.605697,   1.605700,   1.776966,   1.605695,   1.776971,  [↑ : 4.566, ↓ : 3.805, m : 0.761, n :   8.371029]
-------------------------------------------------------------------------------------------
imp.   1 :   1.616475,   1.616475,   1.784802,   1.616475,   1.784802,  [↑ : 4.577, ↓ : 3.842, m : 0.736, n :   8.419028]
-------------------------------------------------------------------------------------------


Iteration [  7],    latt_mu :   0.954987,    imp_mu :   0.954987,,    Total_N :   9.999999
===========================================================================================
latt.  1 :   1.606661,   1.606664,   1.777408,   1.606659,   1.777413,  [↑ : 4.569, ↓ : 3.806, m : 0.763, n :   8.374806]
-------------------------------------------------------------------------------------------
imp.   1 :   1.614479,   1.614479,   1.784176,   1.614479,   1.784176,  [↑ : 4.577, ↓ : 3.834, m : 0.743, n :   8.411789]
-------------------------------------------------------------------------------------------


Iteration [  8],    latt_mu :   0.940509,    imp_mu :   0.940509,,    Total_N :  10.000000
===========================================================================================
latt.  1 :   1.607231,   1.607233,   1.778027,   1.607228,   1.778031,  [↑ : 4.571, ↓ : 3.807, m : 0.764, n :   8.377750]
-------------------------------------------------------------------------------------------
imp.   1 :   1.613816,   1.613816,   1.782445,   1.613816,   1.782445,  [↑ : 4.578, ↓ : 3.829, m : 0.749, n :   8.406337]
-------------------------------------------------------------------------------------------


Iteration [  9],    latt_mu :   0.929876,    imp_mu :   0.929876,,    Total_N :  10.000000
===========================================================================================
latt.  1 :   1.607811,   1.607813,   1.778285,   1.607808,   1.778290,  [↑ : 4.573, ↓ : 3.807, m : 0.765, n :   8.380008]
-------------------------------------------------------------------------------------------
imp.   1 :   1.612936,   1.612936,   1.781593,   1.612936,   1.781593,  [↑ : 4.577, ↓ : 3.825, m : 0.753, n :   8.401996]
-------------------------------------------------------------------------------------------


Iteration [ 10],    latt_mu :   0.921510,    imp_mu :   0.921510,,    Total_N :  10.000000
===========================================================================================
latt.  1 :   1.608408,   1.608411,   1.778257,   1.608406,   1.778262,  [↑ : 4.574, ↓ : 3.808, m : 0.766, n :   8.381744]
-------------------------------------------------------------------------------------------
imp.   1 :   1.612129,   1.612129,   1.781050,   1.612129,   1.781050,  [↑ : 4.578, ↓ : 3.821, m : 0.757, n :   8.398486]
-------------------------------------------------------------------------------------------


Iteration [ 11],    latt_mu :   0.915160,    imp_mu :   0.915160,,    Total_N :  10.000000
===========================================================================================
latt.  1 :   1.608668,   1.608671,   1.778546,   1.608666,   1.778551,  [↑ : 4.575, ↓ : 3.808, m : 0.767, n :   8.383103]
-------------------------------------------------------------------------------------------
imp.   1 :   1.611548,   1.611548,   1.780782,   1.611548,   1.780782,  [↑ : 4.578, ↓ : 3.818, m : 0.759, n :   8.396207]
-------------------------------------------------------------------------------------------


Iteration [ 12],    latt_mu :   0.910595,    imp_mu :   0.910595,,    Total_N :  10.000000
===========================================================================================
latt.  1 :   1.608858,   1.608861,   1.778766,   1.608856,   1.778770,  [↑ : 4.576, ↓ : 3.809, m : 0.767, n :   8.384111]
-------------------------------------------------------------------------------------------
imp.   1 :   1.610939,   1.610939,   1.780450,   1.610939,   1.780450,  [↑ : 4.578, ↓ : 3.816, m : 0.763, n :   8.393718]
-------------------------------------------------------------------------------------------


Iteration [ 13],    latt_mu :   0.906400,    imp_mu :   0.906400,,    Total_N :  10.000000
===========================================================================================
latt.  1 :   1.608994,   1.608997,   1.779010,   1.608992,   1.779015,  [↑ : 4.576, ↓ : 3.809, m : 0.768, n :   8.385009]
-------------------------------------------------------------------------------------------
imp.   1 :   1.610833,   1.610833,   1.779995,   1.610833,   1.779995,  [↑ : 4.578, ↓ : 3.815, m : 0.763, n :   8.392488]
-------------------------------------------------------------------------------------------


Iteration [ 14],    latt_mu :   0.903214,    imp_mu :   0.903214,,    Total_N :  10.000000
===========================================================================================
latt.  1 :   1.609182,   1.609185,   1.779067,   1.609180,   1.779071,  [↑ : 4.577, ↓ : 3.809, m : 0.768, n :   8.385685]
-------------------------------------------------------------------------------------------
imp.   1 :   1.610533,   1.610533,   1.779936,   1.610533,   1.779936,  [↑ : 4.578, ↓ : 3.814, m : 0.764, n :   8.391471]
-------------------------------------------------------------------------------------------


Iteration [ 15],    latt_mu :   0.901322,    imp_mu :   0.901322,,    Total_N :  10.000000
===========================================================================================
latt.  1 :   1.609296,   1.609299,   1.779116,   1.609294,   1.779121,  [↑ : 4.577, ↓ : 3.809, m : 0.768, n :   8.386127]
-------------------------------------------------------------------------------------------
imp.   1 :   1.610442,   1.610442,   1.779641,   1.610442,   1.779641,  [↑ : 4.578, ↓ : 3.813, m : 0.765, n :   8.390609]
-------------------------------------------------------------------------------------------


Iteration [ 16],    latt_mu :   0.899767,    imp_mu :   0.899767,,    Total_N :  10.000000
===========================================================================================
latt.  1 :   1.609416,   1.609418,   1.779118,   1.609413,   1.779123,  [↑ : 4.577, ↓ : 3.809, m : 0.768, n :   8.386489]
-------------------------------------------------------------------------------------------
imp.   1 :   1.610216,   1.610216,   1.779417,   1.610216,   1.779417,  [↑ : 4.578, ↓ : 3.811, m : 0.767, n :   8.389482]
-------------------------------------------------------------------------------------------


Iteration [ 17],    latt_mu :   0.898328,    imp_mu :   0.898328,,    Total_N :  10.000000
===========================================================================================
latt.  1 :   1.609571,   1.609574,   1.779051,   1.609569,   1.779056,  [↑ : 4.578, ↓ : 3.809, m : 0.768, n :   8.386821]
-------------------------------------------------------------------------------------------
imp.   1 :   1.610039,   1.610039,   1.779572,   1.610039,   1.779572,  [↑ : 4.578, ↓ : 3.811, m : 0.767, n :   8.389260]
-------------------------------------------------------------------------------------------


Iteration [ 18],    latt_mu :   0.896878,    imp_mu :   0.896878,,    Total_N :  10.000000
===========================================================================================
latt.  1 :   1.609630,   1.609632,   1.779077,   1.609627,   1.779081,  [↑ : 4.578, ↓ : 3.809, m : 0.768, n :   8.387047]
-------------------------------------------------------------------------------------------
imp.   1 :   1.610011,   1.610011,   1.779457,   1.610011,   1.779457,  [↑ : 4.578, ↓ : 3.811, m : 0.766, n :   8.388945]
-------------------------------------------------------------------------------------------


Iteration [ 19],    latt_mu :   0.895620,    imp_mu :   0.895620,,    Total_N :  10.000000
===========================================================================================
latt.  1 :   1.609727,   1.609729,   1.779020,   1.609724,   1.779024,  [↑ : 4.578, ↓ : 3.810, m : 0.768, n :   8.387224]
-------------------------------------------------------------------------------------------
imp.   1 :   1.609999,   1.609999,   1.779309,   1.609999,   1.779309,  [↑ : 4.578, ↓ : 3.810, m : 0.768, n :   8.388614]
-------------------------------------------------------------------------------------------


Iteration [ 20],    latt_mu :   0.895820,    imp_mu :   0.895820,,    Total_N :  10.000000
===========================================================================================
latt.  1 :   1.609703,   1.609705,   1.779084,   1.609700,   1.779089,  [↑ : 4.578, ↓ : 3.809, m : 0.768, n :   8.387282]
-------------------------------------------------------------------------------------------
imp.   1 :   1.610121,   1.610121,   1.778995,   1.610121,   1.778995,  [↑ : 4.578, ↓ : 3.810, m : 0.768, n :   8.388353]
-------------------------------------------------------------------------------------------


Iteration [ 21],    latt_mu :   0.895498,    imp_mu :   0.895498,,    Total_N :  10.000000
===========================================================================================
latt.  1 :   1.609723,   1.609726,   1.779103,   1.609721,   1.779108,  [↑ : 4.578, ↓ : 3.809, m : 0.769, n :   8.387380]
-------------------------------------------------------------------------------------------
imp.   1 :   1.610182,   1.610182,   1.778999,   1.610182,   1.778999,  [↑ : 4.578, ↓ : 3.811, m : 0.767, n :   8.388544]
-------------------------------------------------------------------------------------------


Iteration [ 22],    latt_mu :   0.895270,    imp_mu :   0.895270,,    Total_N :  10.000000
===========================================================================================
latt.  1 :   1.609850,   1.609852,   1.778951,   1.609847,   1.778955,  [↑ : 4.578, ↓ : 3.809, m : 0.769, n :   8.387455]
-------------------------------------------------------------------------------------------
imp.   1 :   1.610140,   1.610140,   1.779093,   1.610140,   1.779093,  [↑ : 4.578, ↓ : 3.811, m : 0.768, n :   8.388605]
-------------------------------------------------------------------------------------------


Iteration [ 23],    latt_mu :   0.895508,    imp_mu :   0.895508,,    Total_N :  10.000000
===========================================================================================
latt.  1 :   1.609851,   1.609854,   1.778946,   1.609849,   1.778951,  [↑ : 4.578, ↓ : 3.809, m : 0.769, n :   8.387451]
-------------------------------------------------------------------------------------------
imp.   1 :   1.610212,   1.610212,   1.778948,   1.610212,   1.778948,  [↑ : 4.577, ↓ : 3.811, m : 0.766, n :   8.388533]
-------------------------------------------------------------------------------------------


Iteration [ 24],    latt_mu :   0.895084,    imp_mu :   0.895084,,    Total_N :  10.000000
===========================================================================================
latt.  1 :   1.609861,   1.609864,   1.778941,   1.609859,   1.778945,  [↑ : 4.578, ↓ : 3.809, m : 0.768, n :   8.387470]
-------------------------------------------------------------------------------------------
imp.   1 :   1.609470,   1.609470,   1.779615,   1.609470,   1.779615,  [↑ : 4.578, ↓ : 3.809, m : 0.769, n :   8.387641]
-------------------------------------------------------------------------------------------


Iteration [ 25],    latt_mu :   0.894856,    imp_mu :   0.894856,,    Total_N :  10.000000
===========================================================================================
latt.  1 :   1.609715,   1.609718,   1.779193,   1.609713,   1.779197,  [↑ : 4.578, ↓ : 3.809, m : 0.769, n :   8.387536]
-------------------------------------------------------------------------------------------
imp.   1 :   1.609936,   1.609936,   1.779101,   1.609936,   1.779101,  [↑ : 4.577, ↓ : 3.811, m : 0.767, n :   8.388009]
-------------------------------------------------------------------------------------------


Iteration [ 26],    latt_mu :   0.894098,    imp_mu :   0.894098,,    Total_N :  10.000000
===========================================================================================
latt.  1 :   1.609812,   1.609815,   1.779087,   1.609810,   1.779092,  [↑ : 4.578, ↓ : 3.810, m : 0.769, n :   8.387616]
-------------------------------------------------------------------------------------------
imp.   1 :   1.609714,   1.609714,   1.779177,   1.609714,   1.779177,  [↑ : 4.579, ↓ : 3.809, m : 0.770, n :   8.387497]
-------------------------------------------------------------------------------------------


Iteration [ 27],    latt_mu :   0.893967,    imp_mu :   0.893967,,    Total_N :  10.000000
===========================================================================================
latt.  1 :   1.609835,   1.609838,   1.779082,   1.609833,   1.779087,  [↑ : 4.578, ↓ : 3.809, m : 0.769, n :   8.387676]
-------------------------------------------------------------------------------------------
imp.   1 :   1.609516,   1.609516,   1.779426,   1.609516,   1.779426,  [↑ : 4.579, ↓ : 3.809, m : 0.770, n :   8.387399]
-------------------------------------------------------------------------------------------


Iteration [ 28],    latt_mu :   0.894564,    imp_mu :   0.894564,,    Total_N :  10.000000
===========================================================================================
latt.  1 :   1.609760,   1.609763,   1.779180,   1.609758,   1.779185,  [↑ : 4.578, ↓ : 3.809, m : 0.769, n :   8.387645]
-------------------------------------------------------------------------------------------
imp.   1 :   1.609702,   1.609702,   1.779427,   1.609702,   1.779427,  [↑ : 4.578, ↓ : 3.810, m : 0.768, n :   8.387960]
-------------------------------------------------------------------------------------------


Iteration [ 29],    latt_mu :   0.894619,    imp_mu :   0.894619,,    Total_N :  10.000000
===========================================================================================
latt.  1 :   1.609767,   1.609770,   1.779154,   1.609765,   1.779159,  [↑ : 4.578, ↓ : 3.809, m : 0.769, n :   8.387614]
-------------------------------------------------------------------------------------------
imp.   1 :   1.610075,   1.610075,   1.778989,   1.610075,   1.778989,  [↑ : 4.577, ↓ : 3.811, m : 0.767, n :   8.388204]
-------------------------------------------------------------------------------------------


Iteration [ 30],    latt_mu :   0.894711,    imp_mu :   0.894711,,    Total_N :  10.000000
===========================================================================================
latt.  1 :   1.609817,   1.609819,   1.779054,   1.609814,   1.779059,  [↑ : 4.578, ↓ : 3.809, m : 0.769, n :   8.387564]
-------------------------------------------------------------------------------------------
imp.   1 :   1.609777,   1.609777,   1.779228,   1.609777,   1.779228,  [↑ : 4.578, ↓ : 3.810, m : 0.769, n :   8.387786]
-------------------------------------------------------------------------------------------


Iteration [ 31],    latt_mu :   0.894167,    imp_mu :   0.894167,,    Total_N :  10.000000
===========================================================================================
latt.  1 :   1.609817,   1.609820,   1.779088,   1.609815,   1.779093,  [↑ : 4.578, ↓ : 3.809, m : 0.769, n :   8.387632]
-------------------------------------------------------------------------------------------
imp.   1 :   1.609705,   1.609705,   1.779228,   1.609705,   1.779228,  [↑ : 4.578, ↓ : 3.809, m : 0.769, n :   8.387572]
-------------------------------------------------------------------------------------------


Iteration [ 32],    latt_mu :   0.894132,    imp_mu :   0.894132,,    Total_N :  10.000000
===========================================================================================
latt.  1 :   1.609824,   1.609827,   1.779100,   1.609822,   1.779105,  [↑ : 4.578, ↓ : 3.809, m : 0.769, n :   8.387677]
-------------------------------------------------------------------------------------------
imp.   1 :   1.609944,   1.609944,   1.778978,   1.609944,   1.778978,  [↑ : 4.578, ↓ : 3.810, m : 0.768, n :   8.387788]
-------------------------------------------------------------------------------------------


Iteration [ 33],    latt_mu :   0.894043,    imp_mu :   0.894043,,    Total_N :  10.000000
===========================================================================================
latt.  1 :   1.609923,   1.609925,   1.778964,   1.609920,   1.778969,  [↑ : 4.578, ↓ : 3.809, m : 0.769, n :   8.387701]
-------------------------------------------------------------------------------------------
imp.   1 :   1.610074,   1.610074,   1.778606,   1.610074,   1.778606,  [↑ : 4.578, ↓ : 3.809, m : 0.769, n :   8.387432]
-------------------------------------------------------------------------------------------


Iteration [ 34],    latt_mu :   0.893773,    imp_mu :   0.893773,,    Total_N :  10.000000
===========================================================================================
latt.  1 :   1.609960,   1.609963,   1.778936,   1.609958,   1.778941,  [↑ : 4.578, ↓ : 3.810, m : 0.769, n :   8.387758]
-------------------------------------------------------------------------------------------
imp.   1 :   1.609962,   1.609962,   1.778812,   1.609962,   1.778812,  [↑ : 4.578, ↓ : 3.810, m : 0.768, n :   8.387509]
-------------------------------------------------------------------------------------------


Iteration [ 35],    latt_mu :   0.893733,    imp_mu :   0.893733,,    Total_N :  10.000000
===========================================================================================
latt.  1 :   1.609979,   1.609981,   1.778912,   1.609977,   1.778917,  [↑ : 4.578, ↓ : 3.810, m : 0.769, n :   8.387766]
-------------------------------------------------------------------------------------------
imp.   1 :   1.609886,   1.609886,   1.778994,   1.609886,   1.778994,  [↑ : 4.578, ↓ : 3.810, m : 0.768, n :   8.387647]
-------------------------------------------------------------------------------------------


Iteration [ 36],    latt_mu :   0.893682,    imp_mu :   0.893682,,    Total_N :  10.000000
===========================================================================================
latt.  1 :   1.609964,   1.609966,   1.778924,   1.609961,   1.778929,  [↑ : 4.578, ↓ : 3.810, m : 0.769, n :   8.387743]
-------------------------------------------------------------------------------------------
imp.   1 :   1.609573,   1.609573,   1.779294,   1.609573,   1.779294,  [↑ : 4.578, ↓ : 3.809, m : 0.768, n :   8.387306]
-------------------------------------------------------------------------------------------


Iteration [ 37],    latt_mu :   0.893290,    imp_mu :   0.893290,,    Total_N :  10.000000
===========================================================================================
latt.  1 :   1.609874,   1.609876,   1.779099,   1.609871,   1.779103,  [↑ : 4.578, ↓ : 3.810, m : 0.769, n :   8.387824]
-------------------------------------------------------------------------------------------
imp.   1 :   1.609668,   1.609668,   1.779181,   1.609668,   1.779181,  [↑ : 4.578, ↓ : 3.810, m : 0.768, n :   8.387367]
-------------------------------------------------------------------------------------------


Iteration [ 38],    latt_mu :   0.893337,    imp_mu :   0.893337,,    Total_N :  10.000000
===========================================================================================
latt.  1 :   1.609758,   1.609760,   1.779262,   1.609755,   1.779266,  [↑ : 4.578, ↓ : 3.810, m : 0.769, n :   8.387801]
-------------------------------------------------------------------------------------------
imp.   1 :   1.610032,   1.610032,   1.778609,   1.610032,   1.778609,  [↑ : 4.578, ↓ : 3.809, m : 0.769, n :   8.387315]
-------------------------------------------------------------------------------------------


Iteration [ 39],    latt_mu :   0.893536,    imp_mu :   0.893536,,    Total_N :  10.000000
===========================================================================================
latt.  1 :   1.609929,   1.609932,   1.779004,   1.609927,   1.779009,  [↑ : 4.578, ↓ : 3.810, m : 0.769, n :   8.387801]
-------------------------------------------------------------------------------------------
imp.   1 :   1.609575,   1.609575,   1.779273,   1.609575,   1.779273,  [↑ : 4.578, ↓ : 3.809, m : 0.769, n :   8.387269]
-------------------------------------------------------------------------------------------


Iteration [ 40],    latt_mu :   0.893581,    imp_mu :   0.893581,,    Total_N :  10.000000
===========================================================================================
latt.  1 :   1.609834,   1.609837,   1.779140,   1.609832,   1.779144,  [↑ : 4.578, ↓ : 3.810, m : 0.769, n :   8.387786]
-------------------------------------------------------------------------------------------
imp.   1 :   1.609859,   1.609859,   1.778946,   1.609859,   1.778946,  [↑ : 4.578, ↓ : 3.810, m : 0.768, n :   8.387468]
-------------------------------------------------------------------------------------------


Iteration [ 41],    latt_mu :   0.893404,    imp_mu :   0.893404,,    Total_N :  10.000000
===========================================================================================
latt.  1 :   1.609838,   1.609841,   1.779149,   1.609836,   1.779153,  [↑ : 4.578, ↓ : 3.810, m : 0.769, n :   8.387817]
-------------------------------------------------------------------------------------------
imp.   1 :   1.609665,   1.609665,   1.779142,   1.609665,   1.779142,  [↑ : 4.578, ↓ : 3.809, m : 0.769, n :   8.387277]
-------------------------------------------------------------------------------------------


Iteration [ 42],    latt_mu :   0.893600,    imp_mu :   0.893600,,    Total_N :  10.000000
===========================================================================================
latt.  1 :   1.609805,   1.609808,   1.779189,   1.609803,   1.779194,  [↑ : 4.578, ↓ : 3.809, m : 0.769, n :   8.387799]
-------------------------------------------------------------------------------------------
imp.   1 :   1.609835,   1.609835,   1.779169,   1.609835,   1.779169,  [↑ : 4.578, ↓ : 3.810, m : 0.768, n :   8.387845]
-------------------------------------------------------------------------------------------


Iteration [ 43],    latt_mu :   0.893813,    imp_mu :   0.893813,,    Total_N :  10.000000
===========================================================================================
latt.  1 :   1.609797,   1.609799,   1.779180,   1.609794,   1.779185,  [↑ : 4.578, ↓ : 3.810, m : 0.769, n :   8.387755]
-------------------------------------------------------------------------------------------
imp.   1 :   1.609836,   1.609836,   1.778939,   1.609836,   1.778939,  [↑ : 4.578, ↓ : 3.809, m : 0.768, n :   8.387385]
-------------------------------------------------------------------------------------------


Iteration [ 44],    latt_mu :   0.893619,    imp_mu :   0.893619,,    Total_N :  10.000000
===========================================================================================
latt.  1 :   1.609810,   1.609813,   1.779168,   1.609808,   1.779172,  [↑ : 4.578, ↓ : 3.810, m : 0.769, n :   8.387771]
-------------------------------------------------------------------------------------------
imp.   1 :   1.609968,   1.609968,   1.778816,   1.609968,   1.778816,  [↑ : 4.578, ↓ : 3.809, m : 0.769, n :   8.387534]
-------------------------------------------------------------------------------------------


Iteration [ 45],    latt_mu :   0.893725,    imp_mu :   0.893725,,    Total_N :  10.000000
===========================================================================================
latt.  1 :   1.609947,   1.609950,   1.778978,   1.609945,   1.778982,  [↑ : 4.578, ↓ : 3.810, m : 0.769, n :   8.387801]
-------------------------------------------------------------------------------------------
imp.   1 :   1.609929,   1.609929,   1.778765,   1.609929,   1.778765,  [↑ : 4.578, ↓ : 3.809, m : 0.769, n :   8.387317]
-------------------------------------------------------------------------------------------


Iteration [ 46],    latt_mu :   0.893534,    imp_mu :   0.893534,,    Total_N :  10.000000
===========================================================================================
latt.  1 :   1.609958,   1.609961,   1.778968,   1.609956,   1.778972,  [↑ : 4.578, ↓ : 3.810, m : 0.769, n :   8.387815]
-------------------------------------------------------------------------------------------
imp.   1 :   1.609853,   1.609853,   1.778951,   1.609853,   1.778951,  [↑ : 4.578, ↓ : 3.809, m : 0.769, n :   8.387462]
-------------------------------------------------------------------------------------------


Iteration [ 47],    latt_mu :   0.893971,    imp_mu :   0.893971,,    Total_N :  10.000000
===========================================================================================
latt.  1 :   1.609861,   1.609864,   1.779072,   1.609859,   1.779077,  [↑ : 4.578, ↓ : 3.809, m : 0.769, n :   8.387732]
-------------------------------------------------------------------------------------------
imp.   1 :   1.610109,   1.610109,   1.778652,   1.610109,   1.778652,  [↑ : 4.578, ↓ : 3.810, m : 0.768, n :   8.387631]
-------------------------------------------------------------------------------------------


Iteration [ 48],    latt_mu :   0.893459,    imp_mu :   0.893459,,    Total_N :  10.000000
===========================================================================================
latt.  1 :   1.609874,   1.609877,   1.779074,   1.609872,   1.779079,  [↑ : 4.578, ↓ : 3.810, m : 0.768, n :   8.387777]
-------------------------------------------------------------------------------------------
imp.   1 :   1.609697,   1.609697,   1.779101,   1.609697,   1.779101,  [↑ : 4.578, ↓ : 3.809, m : 0.769, n :   8.387292]
-------------------------------------------------------------------------------------------


Iteration [ 49],    latt_mu :   0.893426,    imp_mu :   0.893426,,    Total_N :  10.000000
===========================================================================================
latt.  1 :   1.609846,   1.609849,   1.779123,   1.609844,   1.779127,  [↑ : 4.578, ↓ : 3.810, m : 0.768, n :   8.387789]
-------------------------------------------------------------------------------------------
imp.   1 :   1.609887,   1.609887,   1.779187,   1.609887,   1.779187,  [↑ : 4.578, ↓ : 3.810, m : 0.768, n :   8.388035]
-------------------------------------------------------------------------------------------


Iteration [ 50],    latt_mu :   0.893911,    imp_mu :   0.893911,,    Total_N :  10.000000
===========================================================================================
latt.  1 :   1.609784,   1.609787,   1.779173,   1.609782,   1.779178,  [↑ : 4.578, ↓ : 3.810, m : 0.769, n :   8.387705]
-------------------------------------------------------------------------------------------
