Iter.[  1]|   (imp  1)   "N":   0.100144,   "Sz":   1.907750 |
Iter.[  2]|   (imp  1)   "N":   0.104058,   "Sz":   3.130590 |
Iter.[  3]|   (imp  1)   "N":   0.105295,   "Sz":   3.716110 |
Iter.[  4]|   (imp  1)   "N":   0.106036,   "Sz":   3.965570 |
Iter.[  5]|   (imp  1)   "N":   0.106772,   "Sz":   4.174440 |
Iter.[  6]|   (imp  1)   "N":   0.107054,   "Sz":   4.342590 |
Iter.[  7]|   (imp  1)   "N":   0.107688,   "Sz":   4.438270 |
Iter.[  8]|   (imp  1)   "N":   0.107614,   "Sz":   4.518670 |
Iter.[  9]|   (imp  1)   "N":   0.107905,   "Sz":   4.586090 |
Iter.[ 10]|   (imp  1)   "N":   0.108076,   "Sz":   4.633950 |
Iter.[ 11]|   (imp  1)   "N":   0.107957,   "Sz":   4.678590 |
Iter.[ 12]|   (imp  1)   "N":   0.108058,   "Sz":   4.708110 |
Iter.[ 13]|   (imp  1)   "N":   0.108573,   "Sz":   4.744310 |
Iter.[ 14]|   (imp  1)   "N":   0.108213,   "Sz":   4.746640 |
Iter.[ 15]|   (imp  1)   "N":   0.108205,   "Sz":   4.757600 |
Iter.[ 16]|   (imp  1)   "N":   0.108607,   "Sz":   4.773310 |
Iter.[ 17]|   (imp  1)   "N":   0.108564,   "Sz":   4.795520 |
Iter.[ 18]|   (imp  1)   "N":   0.107871,   "Sz":   4.789490 |
Iter.[ 19]|   (imp  1)   "N":   0.108425,   "Sz":   4.784050 |
Iter.[ 20]|   (imp  1)   "N":   0.108144,   "Sz":   4.803570 |
Iter.[ 21]|   (imp  1)   "N":   0.108431,   "Sz":   4.803830 |
Iter.[ 22]|   (imp  1)   "N":   0.108363,   "Sz":   4.795200 |
Iter.[ 23]|   (imp  1)   "N":   0.108686,   "Sz":   4.802240 |
Iter.[ 24]|   (imp  1)   "N":   0.108387,   "Sz":   4.782260 |
Iter.[ 25]|   (imp  1)   "N":   0.108689,   "Sz":   4.816400 |
Iter.[ 26]|   (imp  1)   "N":   0.108541,   "Sz":   4.794420 |
Iter.[ 27]|   (imp  1)   "N":   0.108548,   "Sz":   4.827400 |
Iter.[ 28]|   (imp  1)   "N":   0.108265,   "Sz":   4.828400 |
Iter.[ 29]|   (imp  1)   "N":   0.108275,   "Sz":   4.800710 |
Iter.[ 30]|   (imp  1)   "N":   0.108348,   "Sz":   4.791830 |
Iter.[ 31]|   (imp  1)   "N":   0.108579,   "Sz":   4.815270 |
Iter.[ 32]|   (imp  1)   "N":   0.108260,   "Sz":   4.815740 |
Iter.[ 33]|   (imp  1)   "N":   0.107879,   "Sz":   4.800060 |
Iter.[ 34]|   (imp  1)   "N":   0.108313,   "Sz":   4.813090 |
Iter.[ 35]|   (imp  1)   "N":   0.108577,   "Sz":   4.808950 |
Iter.[ 36]|   (imp  1)   "N":   0.108412,   "Sz":   4.807810 |
Iter.[ 37]|   (imp  1)   "N":   0.108418,   "Sz":   4.807310 |
Iter.[ 38]|   (imp  1)   "N":   0.108056,   "Sz":   4.804320 |
Iter.[ 39]|   (imp  1)   "N":   0.108156,   "Sz":   4.817490 |
Iter.[ 40]|   (imp  1)   "N":   0.108668,   "Sz":   4.816870 |
Iter.[ 41]|   (imp  1)   "N":   0.107841,   "Sz":   4.808830 |
Iter.[ 42]|   (imp  1)   "N":   0.108276,   "Sz":   4.815930 |
Iter.[ 43]|   (imp  1)   "N":   0.108304,   "Sz":   4.802590 |
Iter.[ 44]|   (imp  1)   "N":   0.108510,   "Sz":   4.810430 |
Iter.[ 45]|   (imp  1)   "N":   0.108271,   "Sz":   4.817720 |
Iter.[ 46]|   (imp  1)   "N":   0.108452,   "Sz":   4.818190 |
Iter.[ 47]|   (imp  1)   "N":   0.108472,   "Sz":   4.815410 |
Iter.[ 48]|   (imp  1)   "N":   0.108108,   "Sz":   4.806100 |
Iter.[ 49]|   (imp  1)   "N":   0.108600,   "Sz":   4.818950 |
Iter.[ 50]|   (imp  1)   "N":   0.108234,   "Sz":   4.803210 |
