Iteration [  0],    latt_mu :   0.981221,    imp_mu :   0.981221,,    Total_N :   8.000000
===========================================================================================
latt.  1 :   1.288578,   1.288582,   1.212975,   1.288582,   1.212975,  [↑ : 3.971, ↓ : 2.320, m : 1.651, n :   6.291693]
-------------------------------------------------------------------------------------------
imp.   1 :   1.318471,   1.318471,   1.183380,   1.318471,   1.183380,  [↑ : 4.470, ↓ : 1.852, m : 2.618, n :   6.322173]
-------------------------------------------------------------------------------------------


Iteration [  1],    latt_mu :   0.838260,    imp_mu :   0.838260,,    Total_N :   8.000000
===========================================================================================
latt.  1 :   1.299998,   1.299994,   1.209010,   1.299994,   1.209006,  [↑ : 4.263, ↓ : 2.055, m : 2.207, n :   6.318004]
-------------------------------------------------------------------------------------------
imp.   1 :   1.312077,   1.312077,   1.192349,   1.312077,   1.192349,  [↑ : 4.452, ↓ : 1.869, m : 2.584, n :   6.320930]
-------------------------------------------------------------------------------------------


Iteration [  2],    latt_mu :   0.638586,    imp_mu :   0.638586,,    Total_N :   8.000000
===========================================================================================
latt.  1 :   1.309743,   1.309738,   1.202017,   1.309738,   1.202014,  [↑ : 4.319, ↓ : 2.014, m : 2.304, n :   6.333251]
-------------------------------------------------------------------------------------------
imp.   1 :   1.312436,   1.312436,   1.200281,   1.312436,   1.200281,  [↑ : 4.303, ↓ : 2.035, m : 2.268, n :   6.337868]
-------------------------------------------------------------------------------------------


Iteration [  3],    latt_mu :   0.638147,    imp_mu :   0.638147,,    Total_N :   8.000000
===========================================================================================
latt.  1 :   1.311095,   1.311090,   1.201380,   1.311090,   1.201377,  [↑ : 4.312, ↓ : 2.024, m : 2.288, n :   6.336032]
-------------------------------------------------------------------------------------------
imp.   1 :   1.312369,   1.312369,   1.200374,   1.312369,   1.200374,  [↑ : 4.306, ↓ : 2.031, m : 2.275, n :   6.337856]
-------------------------------------------------------------------------------------------


Iteration [  4],    latt_mu :   0.636421,    imp_mu :   0.636421,,    Total_N :   8.000000
===========================================================================================
latt.  1 :   1.311753,   1.311748,   1.201085,   1.311748,   1.201082,  [↑ : 4.310, ↓ : 2.028, m : 2.282, n :   6.337416]
-------------------------------------------------------------------------------------------
imp.   1 :   1.312064,   1.312064,   1.200987,   1.312064,   1.200987,  [↑ : 4.305, ↓ : 2.033, m : 2.271, n :   6.338165]
-------------------------------------------------------------------------------------------


Iteration [  5],    latt_mu :   0.637030,    imp_mu :   0.637030,,    Total_N :   8.000000
===========================================================================================
latt.  1 :   1.311993,   1.311989,   1.201026,   1.311989,   1.201023,  [↑ : 4.308, ↓ : 2.030, m : 2.277, n :   6.338020]
-------------------------------------------------------------------------------------------
imp.   1 :   1.312018,   1.312018,   1.200964,   1.312018,   1.200964,  [↑ : 4.307, ↓ : 2.031, m : 2.275, n :   6.337984]
-------------------------------------------------------------------------------------------


Iteration [  6],    latt_mu :   0.636089,    imp_mu :   0.636089,,    Total_N :   8.000000
===========================================================================================
latt.  1 :   1.312181,   1.312176,   1.200927,   1.312176,   1.200924,  [↑ : 4.307, ↓ : 2.031, m : 2.276, n :   6.338385]
-------------------------------------------------------------------------------------------
imp.   1 :   1.312206,   1.312206,   1.200715,   1.312206,   1.200715,  [↑ : 4.305, ↓ : 2.033, m : 2.273, n :   6.338048]
-------------------------------------------------------------------------------------------


Iteration [  7],    latt_mu :   0.636155,    imp_mu :   0.636155,,    Total_N :   8.000000
===========================================================================================
latt.  1 :   1.312210,   1.312205,   1.200963,   1.312205,   1.200960,  [↑ : 4.307, ↓ : 2.032, m : 2.275, n :   6.338543]
-------------------------------------------------------------------------------------------
imp.   1 :   1.311969,   1.311969,   1.201012,   1.311969,   1.201012,  [↑ : 4.305, ↓ : 2.033, m : 2.271, n :   6.337932]
-------------------------------------------------------------------------------------------


Iteration [  8],    latt_mu :   0.635825,    imp_mu :   0.635825,,    Total_N :   8.000000
===========================================================================================
latt.  1 :   1.312260,   1.312256,   1.200946,   1.312256,   1.200943,  [↑ : 4.306, ↓ : 2.032, m : 2.274, n :   6.338661]
-------------------------------------------------------------------------------------------
imp.   1 :   1.311989,   1.311989,   1.201023,   1.311989,   1.201023,  [↑ : 4.305, ↓ : 2.033, m : 2.272, n :   6.338012]
-------------------------------------------------------------------------------------------


Iteration [  9],    latt_mu :   0.637107,    imp_mu :   0.637107,,    Total_N :   8.000000
===========================================================================================
latt.  1 :   1.312157,   1.312153,   1.201061,   1.312153,   1.201058,  [↑ : 4.306, ↓ : 2.033, m : 2.273, n :   6.338582]
-------------------------------------------------------------------------------------------
imp.   1 :   1.311945,   1.311945,   1.201086,   1.311945,   1.201086,  [↑ : 4.305, ↓ : 2.033, m : 2.272, n :   6.338008]
-------------------------------------------------------------------------------------------


Iteration [ 10],    latt_mu :   0.636570,    imp_mu :   0.636570,,    Total_N :   8.000000
===========================================================================================
latt.  1 :   1.312224,   1.312220,   1.200996,   1.312220,   1.200993,  [↑ : 4.306, ↓ : 2.033, m : 2.273, n :   6.338653]
-------------------------------------------------------------------------------------------
imp.   1 :   1.312108,   1.312108,   1.200845,   1.312108,   1.200845,  [↑ : 4.305, ↓ : 2.033, m : 2.271, n :   6.338014]
-------------------------------------------------------------------------------------------


Iteration [ 11],    latt_mu :   0.636904,    imp_mu :   0.636904,,    Total_N :   8.000000
===========================================================================================
latt.  1 :   1.312229,   1.312225,   1.200983,   1.312225,   1.200979,  [↑ : 4.306, ↓ : 2.033, m : 2.273, n :   6.338640]
-------------------------------------------------------------------------------------------
imp.   1 :   1.312021,   1.312021,   1.200812,   1.312021,   1.200812,  [↑ : 4.308, ↓ : 2.030, m : 2.278, n :   6.337687]
-------------------------------------------------------------------------------------------


Iteration [ 12],    latt_mu :   0.635123,    imp_mu :   0.635123,,    Total_N :   8.000000
===========================================================================================
latt.  1 :   1.312297,   1.312293,   1.200917,   1.312293,   1.200913,  [↑ : 4.306, ↓ : 2.032, m : 2.274, n :   6.338713]
-------------------------------------------------------------------------------------------
imp.   1 :   1.311915,   1.311915,   1.201106,   1.311915,   1.201106,  [↑ : 4.305, ↓ : 2.033, m : 2.272, n :   6.337958]
-------------------------------------------------------------------------------------------


Iteration [ 13],    latt_mu :   0.635888,    imp_mu :   0.635888,,    Total_N :   8.000000
===========================================================================================
latt.  1 :   1.312263,   1.312259,   1.200953,   1.312259,   1.200949,  [↑ : 4.306, ↓ : 2.033, m : 2.273, n :   6.338682]
-------------------------------------------------------------------------------------------
imp.   1 :   1.312037,   1.312037,   1.201132,   1.312037,   1.201132,  [↑ : 4.305, ↓ : 2.034, m : 2.271, n :   6.338375]
-------------------------------------------------------------------------------------------


Iteration [ 14],    latt_mu :   0.637066,    imp_mu :   0.637066,,    Total_N :   8.000000
===========================================================================================
latt.  1 :   1.312238,   1.312234,   1.200914,   1.312234,   1.200910,  [↑ : 4.306, ↓ : 2.033, m : 2.273, n :   6.338529]
-------------------------------------------------------------------------------------------
imp.   1 :   1.312073,   1.312073,   1.201021,   1.312073,   1.201021,  [↑ : 4.307, ↓ : 2.031, m : 2.275, n :   6.338261]
-------------------------------------------------------------------------------------------


Iteration [ 15],    latt_mu :   0.636728,    imp_mu :   0.636728,,    Total_N :   8.000000
===========================================================================================
latt.  1 :   1.312261,   1.312257,   1.200874,   1.312257,   1.200870,  [↑ : 4.306, ↓ : 2.033, m : 2.274, n :   6.338518]
-------------------------------------------------------------------------------------------
imp.   1 :   1.311970,   1.311970,   1.201094,   1.311970,   1.201094,  [↑ : 4.306, ↓ : 2.032, m : 2.274, n :   6.338096]
-------------------------------------------------------------------------------------------


Iteration [ 16],    latt_mu :   0.637032,    imp_mu :   0.637032,,    Total_N :   8.000000
===========================================================================================
latt.  1 :   1.312188,   1.312183,   1.200982,   1.312183,   1.200978,  [↑ : 4.306, ↓ : 2.033, m : 2.273, n :   6.338515]
-------------------------------------------------------------------------------------------
imp.   1 :   1.311955,   1.311955,   1.201050,   1.311955,   1.201050,  [↑ : 4.305, ↓ : 2.033, m : 2.273, n :   6.337966]
-------------------------------------------------------------------------------------------


Iteration [ 17],    latt_mu :   0.636904,    imp_mu :   0.636904,,    Total_N :   8.000000
===========================================================================================
latt.  1 :   1.312197,   1.312192,   1.201018,   1.312192,   1.201015,  [↑ : 4.306, ↓ : 2.033, m : 2.273, n :   6.338614]
-------------------------------------------------------------------------------------------
imp.   1 :   1.312020,   1.312020,   1.201090,   1.312020,   1.201090,  [↑ : 4.305, ↓ : 2.033, m : 2.272, n :   6.338241]
-------------------------------------------------------------------------------------------


Iteration [ 18],    latt_mu :   0.637956,    imp_mu :   0.637956,,    Total_N :   8.000000
===========================================================================================
latt.  1 :   1.312154,   1.312150,   1.201065,   1.312150,   1.201061,  [↑ : 4.306, ↓ : 2.033, m : 2.273, n :   6.338580]
-------------------------------------------------------------------------------------------
imp.   1 :   1.312213,   1.312213,   1.200875,   1.312213,   1.200875,  [↑ : 4.306, ↓ : 2.033, m : 2.273, n :   6.338390]
-------------------------------------------------------------------------------------------


Iteration [ 19],    latt_mu :   0.637922,    imp_mu :   0.637922,,    Total_N :   8.000000
===========================================================================================
latt.  1 :   1.312187,   1.312183,   1.200991,   1.312183,   1.200988,  [↑ : 4.306, ↓ : 2.033, m : 2.273, n :   6.338531]
-------------------------------------------------------------------------------------------
imp.   1 :   1.312020,   1.312020,   1.201224,   1.312020,   1.201224,  [↑ : 4.305, ↓ : 2.033, m : 2.272, n :   6.338507]
-------------------------------------------------------------------------------------------


Iteration [ 20],    latt_mu :   0.638429,    imp_mu :   0.638429,,    Total_N :   8.000000
===========================================================================================
latt.  1 :   1.312148,   1.312144,   1.201019,   1.312144,   1.201015,  [↑ : 4.306, ↓ : 2.033, m : 2.273, n :   6.338469]
-------------------------------------------------------------------------------------------
imp.   1 :   1.312037,   1.312037,   1.201226,   1.312037,   1.201226,  [↑ : 4.306, ↓ : 2.033, m : 2.273, n :   6.338564]
-------------------------------------------------------------------------------------------


Iteration [ 21],    latt_mu :   0.638190,    imp_mu :   0.638190,,    Total_N :   8.000000
===========================================================================================
latt.  1 :   1.312186,   1.312181,   1.200937,   1.312181,   1.200934,  [↑ : 4.306, ↓ : 2.033, m : 2.273, n :   6.338420]
-------------------------------------------------------------------------------------------
imp.   1 :   1.312266,   1.312266,   1.200971,   1.312266,   1.200971,  [↑ : 4.304, ↓ : 2.035, m : 2.269, n :   6.338740]
-------------------------------------------------------------------------------------------


Iteration [ 22],    latt_mu :   0.638976,    imp_mu :   0.638976,,    Total_N :   8.000000
===========================================================================================
latt.  1 :   1.312115,   1.312111,   1.201026,   1.312111,   1.201022,  [↑ : 4.305, ↓ : 2.033, m : 2.272, n :   6.338385]
-------------------------------------------------------------------------------------------
imp.   1 :   1.312175,   1.312175,   1.201016,   1.312175,   1.201016,  [↑ : 4.305, ↓ : 2.034, m : 2.271, n :   6.338556]
-------------------------------------------------------------------------------------------


Iteration [ 23],    latt_mu :   0.638158,    imp_mu :   0.638158,,    Total_N :   8.000000
===========================================================================================
latt.  1 :   1.312185,   1.312181,   1.200948,   1.312181,   1.200945,  [↑ : 4.305, ↓ : 2.033, m : 2.272, n :   6.338441]
-------------------------------------------------------------------------------------------
imp.   1 :   1.311952,   1.311952,   1.201097,   1.311952,   1.201097,  [↑ : 4.307, ↓ : 2.031, m : 2.276, n :   6.338050]
-------------------------------------------------------------------------------------------


Iteration [ 24],    latt_mu :   0.636761,    imp_mu :   0.636761,,    Total_N :   8.000000
===========================================================================================
latt.  1 :   1.312243,   1.312238,   1.200916,   1.312238,   1.200912,  [↑ : 4.306, ↓ : 2.033, m : 2.273, n :   6.338547]
-------------------------------------------------------------------------------------------
imp.   1 :   1.312155,   1.312155,   1.200989,   1.312155,   1.200989,  [↑ : 4.307, ↓ : 2.032, m : 2.275, n :   6.338442]
-------------------------------------------------------------------------------------------


Iteration [ 25],    latt_mu :   0.636837,    imp_mu :   0.636837,,    Total_N :   8.000000
===========================================================================================
latt.  1 :   1.312228,   1.312224,   1.200939,   1.312224,   1.200935,  [↑ : 4.306, ↓ : 2.032, m : 2.274, n :   6.338549]
-------------------------------------------------------------------------------------------
imp.   1 :   1.312182,   1.312182,   1.201089,   1.312182,   1.201089,  [↑ : 4.305, ↓ : 2.034, m : 2.271, n :   6.338723]
-------------------------------------------------------------------------------------------


Iteration [ 26],    latt_mu :   0.638329,    imp_mu :   0.638329,,    Total_N :   8.000000
===========================================================================================
latt.  1 :   1.312233,   1.312229,   1.200867,   1.312229,   1.200864,  [↑ : 4.306, ↓ : 2.033, m : 2.273, n :   6.338421]
-------------------------------------------------------------------------------------------
imp.   1 :   1.312311,   1.312311,   1.200876,   1.312311,   1.200876,  [↑ : 4.306, ↓ : 2.032, m : 2.274, n :   6.338686]
-------------------------------------------------------------------------------------------


Iteration [ 27],    latt_mu :   0.637687,    imp_mu :   0.637687,,    Total_N :   8.000000
===========================================================================================
latt.  1 :   1.312219,   1.312214,   1.200868,   1.312214,   1.200864,  [↑ : 4.306, ↓ : 2.032, m : 2.273, n :   6.338379]
-------------------------------------------------------------------------------------------
imp.   1 :   1.312062,   1.312062,   1.201372,   1.312062,   1.201372,  [↑ : 4.304, ↓ : 2.035, m : 2.268, n :   6.338931]
-------------------------------------------------------------------------------------------


Iteration [ 28],    latt_mu :   0.638643,    imp_mu :   0.638643,,    Total_N :   8.000000
===========================================================================================
latt.  1 :   1.312129,   1.312125,   1.201003,   1.312125,   1.201000,  [↑ : 4.305, ↓ : 2.033, m : 2.272, n :   6.338381]
-------------------------------------------------------------------------------------------
imp.   1 :   1.312180,   1.312180,   1.201101,   1.312180,   1.201101,  [↑ : 4.306, ↓ : 2.032, m : 2.274, n :   6.338743]
-------------------------------------------------------------------------------------------


Iteration [ 29],    latt_mu :   0.638117,    imp_mu :   0.638117,,    Total_N :   8.000000
===========================================================================================
latt.  1 :   1.312182,   1.312177,   1.200929,   1.312177,   1.200925,  [↑ : 4.306, ↓ : 2.033, m : 2.273, n :   6.338391]
-------------------------------------------------------------------------------------------
imp.   1 :   1.311853,   1.311853,   1.201330,   1.311853,   1.201330,  [↑ : 4.306, ↓ : 2.032, m : 2.274, n :   6.338219]
-------------------------------------------------------------------------------------------


Iteration [ 30],    latt_mu :   0.637741,    imp_mu :   0.637741,,    Total_N :   8.000000
===========================================================================================
latt.  1 :   1.312166,   1.312162,   1.200979,   1.312162,   1.200976,  [↑ : 4.306, ↓ : 2.033, m : 2.273, n :   6.338444]
-------------------------------------------------------------------------------------------
imp.   1 :   1.312168,   1.312168,   1.200983,   1.312168,   1.200983,  [↑ : 4.307, ↓ : 2.032, m : 2.275, n :   6.338471]
-------------------------------------------------------------------------------------------


Iteration [ 31],    latt_mu :   0.637604,    imp_mu :   0.637604,,    Total_N :   8.000000
===========================================================================================
latt.  1 :   1.312196,   1.312191,   1.200943,   1.312191,   1.200940,  [↑ : 4.306, ↓ : 2.032, m : 2.274, n :   6.338461]
-------------------------------------------------------------------------------------------
imp.   1 :   1.312385,   1.312385,   1.200795,   1.312385,   1.200795,  [↑ : 4.305, ↓ : 2.033, m : 2.272, n :   6.338745]
-------------------------------------------------------------------------------------------


Iteration [ 32],    latt_mu :   0.638645,    imp_mu :   0.638645,,    Total_N :   8.000000
===========================================================================================
latt.  1 :   1.312124,   1.312120,   1.201001,   1.312120,   1.200998,  [↑ : 4.306, ↓ : 2.033, m : 2.273, n :   6.338363]
-------------------------------------------------------------------------------------------
imp.   1 :   1.312447,   1.312447,   1.200714,   1.312447,   1.200714,  [↑ : 4.306, ↓ : 2.032, m : 2.274, n :   6.338769]
-------------------------------------------------------------------------------------------


Iteration [ 33],    latt_mu :   0.638363,    imp_mu :   0.638363,,    Total_N :   8.000000
===========================================================================================
latt.  1 :   1.312150,   1.312145,   1.200929,   1.312145,   1.200926,  [↑ : 4.306, ↓ : 2.032, m : 2.273, n :   6.338296]
-------------------------------------------------------------------------------------------
imp.   1 :   1.312329,   1.312329,   1.200981,   1.312329,   1.200981,  [↑ : 4.305, ↓ : 2.034, m : 2.270, n :   6.338948]
-------------------------------------------------------------------------------------------


Iteration [ 34],    latt_mu :   0.638973,    imp_mu :   0.638973,,    Total_N :   8.000000
===========================================================================================
latt.  1 :   1.312110,   1.312106,   1.200978,   1.312106,   1.200975,  [↑ : 4.305, ↓ : 2.033, m : 2.272, n :   6.338275]
-------------------------------------------------------------------------------------------
imp.   1 :   1.312257,   1.312257,   1.201019,   1.312257,   1.201019,  [↑ : 4.307, ↓ : 2.032, m : 2.274, n :   6.338808]
-------------------------------------------------------------------------------------------


Iteration [ 35],    latt_mu :   0.637825,    imp_mu :   0.637825,,    Total_N :   8.000000
===========================================================================================
latt.  1 :   1.312203,   1.312199,   1.200865,   1.312199,   1.200862,  [↑ : 4.306, ↓ : 2.032, m : 2.274, n :   6.338328]
-------------------------------------------------------------------------------------------
imp.   1 :   1.312095,   1.312095,   1.201302,   1.312095,   1.201302,  [↑ : 4.303, ↓ : 2.036, m : 2.267, n :   6.338889]
-------------------------------------------------------------------------------------------


Iteration [ 36],    latt_mu :   0.639569,    imp_mu :   0.639569,,    Total_N :   8.000000
===========================================================================================
latt.  1 :   1.312140,   1.312136,   1.200934,   1.312136,   1.200931,  [↑ : 4.305, ↓ : 2.033, m : 2.272, n :   6.338277]
-------------------------------------------------------------------------------------------
imp.   1 :   1.312295,   1.312295,   1.201008,   1.312295,   1.201008,  [↑ : 4.306, ↓ : 2.032, m : 2.274, n :   6.338900]
-------------------------------------------------------------------------------------------


Iteration [ 37],    latt_mu :   0.638450,    imp_mu :   0.638450,,    Total_N :   8.000000
===========================================================================================
latt.  1 :   1.312206,   1.312201,   1.200866,   1.312201,   1.200863,  [↑ : 4.306, ↓ : 2.032, m : 2.273, n :   6.338338]
-------------------------------------------------------------------------------------------
imp.   1 :   1.312174,   1.312174,   1.200836,   1.312174,   1.200836,  [↑ : 4.307, ↓ : 2.031, m : 2.276, n :   6.338193]
-------------------------------------------------------------------------------------------


Iteration [ 38],    latt_mu :   0.637116,    imp_mu :   0.637116,,    Total_N :   8.000000
===========================================================================================
latt.  1 :   1.312229,   1.312225,   1.200867,   1.312225,   1.200864,  [↑ : 4.306, ↓ : 2.032, m : 2.274, n :   6.338411]
-------------------------------------------------------------------------------------------
imp.   1 :   1.312053,   1.312053,   1.201239,   1.312053,   1.201239,  [↑ : 4.305, ↓ : 2.034, m : 2.270, n :   6.338638]
-------------------------------------------------------------------------------------------


Iteration [ 39],    latt_mu :   0.638583,    imp_mu :   0.638583,,    Total_N :   8.000000
===========================================================================================
latt.  1 :   1.312137,   1.312133,   1.200978,   1.312133,   1.200974,  [↑ : 4.306, ↓ : 2.033, m : 2.273, n :   6.338354]
-------------------------------------------------------------------------------------------
imp.   1 :   1.312287,   1.312287,   1.200886,   1.312287,   1.200886,  [↑ : 4.306, ↓ : 2.033, m : 2.273, n :   6.338631]
-------------------------------------------------------------------------------------------


Iteration [ 40],    latt_mu :   0.638734,    imp_mu :   0.638734,,    Total_N :   8.000000
===========================================================================================
latt.  1 :   1.312130,   1.312126,   1.200970,   1.312126,   1.200967,  [↑ : 4.305, ↓ : 2.033, m : 2.273, n :   6.338320]
-------------------------------------------------------------------------------------------
imp.   1 :   1.311917,   1.311917,   1.201440,   1.311917,   1.201440,  [↑ : 4.304, ↓ : 2.035, m : 2.269, n :   6.338631]
-------------------------------------------------------------------------------------------


Iteration [ 41],    latt_mu :   0.638932,    imp_mu :   0.638932,,    Total_N :   8.000000
===========================================================================================
latt.  1 :   1.312165,   1.312161,   1.200932,   1.312161,   1.200928,  [↑ : 4.305, ↓ : 2.033, m : 2.272, n :   6.338347]
-------------------------------------------------------------------------------------------
imp.   1 :   1.312247,   1.312247,   1.200833,   1.312247,   1.200833,  [↑ : 4.306, ↓ : 2.032, m : 2.274, n :   6.338408]
-------------------------------------------------------------------------------------------


Iteration [ 42],    latt_mu :   0.637654,    imp_mu :   0.637654,,    Total_N :   8.000000
===========================================================================================
latt.  1 :   1.312244,   1.312240,   1.200857,   1.312240,   1.200854,  [↑ : 4.306, ↓ : 2.033, m : 2.273, n :   6.338436]
-------------------------------------------------------------------------------------------
imp.   1 :   1.311961,   1.311961,   1.201234,   1.311961,   1.201234,  [↑ : 4.304, ↓ : 2.035, m : 2.269, n :   6.338352]
-------------------------------------------------------------------------------------------


Iteration [ 43],    latt_mu :   0.638330,    imp_mu :   0.638330,,    Total_N :   8.000000
===========================================================================================
latt.  1 :   1.312158,   1.312154,   1.201019,   1.312154,   1.201016,  [↑ : 4.305, ↓ : 2.033, m : 2.272, n :   6.338501]
-------------------------------------------------------------------------------------------
imp.   1 :   1.312220,   1.312220,   1.200764,   1.312220,   1.200764,  [↑ : 4.307, ↓ : 2.031, m : 2.276, n :   6.338187]
-------------------------------------------------------------------------------------------


Iteration [ 44],    latt_mu :   0.637043,    imp_mu :   0.637043,,    Total_N :   8.000000
===========================================================================================
latt.  1 :   1.312228,   1.312224,   1.200928,   1.312224,   1.200925,  [↑ : 4.306, ↓ : 2.033, m : 2.273, n :   6.338528]
-------------------------------------------------------------------------------------------
imp.   1 :   1.312304,   1.312304,   1.200789,   1.312304,   1.200789,  [↑ : 4.307, ↓ : 2.031, m : 2.276, n :   6.338489]
-------------------------------------------------------------------------------------------


Iteration [ 45],    latt_mu :   0.636858,    imp_mu :   0.636858,,    Total_N :   8.000000
===========================================================================================
latt.  1 :   1.312234,   1.312229,   1.200885,   1.312229,   1.200882,  [↑ : 4.306, ↓ : 2.032, m : 2.274, n :   6.338460]
-------------------------------------------------------------------------------------------
imp.   1 :   1.312348,   1.312348,   1.200910,   1.312348,   1.200910,  [↑ : 4.303, ↓ : 2.036, m : 2.266, n :   6.338865]
-------------------------------------------------------------------------------------------


Iteration [ 46],    latt_mu :   0.638406,    imp_mu :   0.638406,,    Total_N :   8.000000
===========================================================================================
latt.  1 :   1.312156,   1.312152,   1.200974,   1.312152,   1.200970,  [↑ : 4.305, ↓ : 2.033, m : 2.272, n :   6.338404]
-------------------------------------------------------------------------------------------
imp.   1 :   1.312169,   1.312169,   1.200870,   1.312169,   1.200870,  [↑ : 4.306, ↓ : 2.032, m : 2.274, n :   6.338247]
-------------------------------------------------------------------------------------------


Iteration [ 47],    latt_mu :   0.638089,    imp_mu :   0.638089,,    Total_N :   8.000000
===========================================================================================
latt.  1 :   1.312178,   1.312174,   1.200942,   1.312174,   1.200938,  [↑ : 4.305, ↓ : 2.033, m : 2.272, n :   6.338406]
-------------------------------------------------------------------------------------------
imp.   1 :   1.312058,   1.312058,   1.201152,   1.312058,   1.201152,  [↑ : 4.304, ↓ : 2.034, m : 2.270, n :   6.338479]
-------------------------------------------------------------------------------------------


Iteration [ 48],    latt_mu :   0.638446,    imp_mu :   0.638446,,    Total_N :   8.000000
===========================================================================================
latt.  1 :   1.312139,   1.312134,   1.201007,   1.312134,   1.201003,  [↑ : 4.305, ↓ : 2.033, m : 2.272, n :   6.338418]
-------------------------------------------------------------------------------------------
imp.   1 :   1.312251,   1.312251,   1.200763,   1.312251,   1.200763,  [↑ : 4.307, ↓ : 2.031, m : 2.275, n :   6.338281]
-------------------------------------------------------------------------------------------


Iteration [ 49],    latt_mu :   0.636719,    imp_mu :   0.636719,,    Total_N :   8.000000
===========================================================================================
latt.  1 :   1.312204,   1.312200,   1.200977,   1.312200,   1.200974,  [↑ : 4.306, ↓ : 2.033, m : 2.273, n :   6.338555]
-------------------------------------------------------------------------------------------
imp.   1 :   1.312145,   1.312145,   1.200982,   1.312145,   1.200982,  [↑ : 4.305, ↓ : 2.034, m : 2.271, n :   6.338397]
-------------------------------------------------------------------------------------------


Iteration [ 50],    latt_mu :   0.637780,    imp_mu :   0.637780,,    Total_N :   8.000000
===========================================================================================
latt.  1 :   1.312185,   1.312180,   1.201001,   1.312180,   1.200997,  [↑ : 4.306, ↓ : 2.033, m : 2.273, n :   6.338543]
-------------------------------------------------------------------------------------------
